t=2019-11-04T00:02:47+0000 lvl=info msg="Starting Grafana" logger=server version=5.2.2 commit=aeaf7b2 compiled=2018-07-25T11:17:28+0000
t=2019-11-04T00:02:47+0000 lvl=info msg="Config loaded from" logger=settings file=/opt/grafana/conf/defaults.ini
t=2019-11-04T00:02:47+0000 lvl=info msg="Config loaded from" logger=settings file=/opt/grafana/conf/custom.ini
t=2019-11-04T00:02:47+0000 lvl=info msg="Path Home" logger=settings path=/opt/grafana
t=2019-11-04T00:02:47+0000 lvl=info msg="Path Data" logger=settings path=/opt/grafana/data
t=2019-11-04T00:02:47+0000 lvl=info msg="Path Logs" logger=settings path=/opt/grafana/data/log
t=2019-11-04T00:02:47+0000 lvl=info msg="Path Plugins" logger=settings path=/opt/grafana/data/plugins
t=2019-11-04T00:02:47+0000 lvl=info msg="Path Provisioning" logger=settings path=/opt/grafana/conf/provisioning
t=2019-11-04T00:02:47+0000 lvl=info msg="App mode production" logger=settings
t=2019-11-04T00:02:47+0000 lvl=info msg="Initializing SqlStore" logger=server
t=2019-11-04T00:02:47+0000 lvl=info msg="Connecting to DB" logger=sqlstore dbtype=sqlite3
t=2019-11-04T00:02:47+0000 lvl=info msg="Starting DB migration" logger=migrator
t=2019-11-04T00:02:47+0000 lvl=info msg="Executing migration" logger=migrator id="create migration_log table"
t=2019-11-04T00:02:47+0000 lvl=info msg="Executing migration" logger=migrator id="create user table"
t=2019-11-04T00:02:47+0000 lvl=info msg="Executing migration" logger=migrator id="add unique index user.login"
t=2019-11-04T00:02:47+0000 lvl=info msg="Executing migration" logger=migrator id="add unique index user.email"
t=2019-11-04T00:02:47+0000 lvl=info msg="Executing migration" logger=migrator id="drop index UQE_user_login - v1"
t=2019-11-04T00:02:47+0000 lvl=info msg="Executing migration" logger=migrator id="drop index UQE_user_email - v1"
t=2019-11-04T00:02:47+0000 lvl=info msg="Executing migration" logger=migrator id="Rename table user to user_v1 - v1"
t=2019-11-04T00:02:47+0000 lvl=info msg="Executing migration" logger=migrator id="create user table v2"
t=2019-11-04T00:02:47+0000 lvl=info msg="Executing migration" logger=migrator id="create index UQE_user_login - v2"
t=2019-11-04T00:02:47+0000 lvl=info msg="Executing migration" logger=migrator id="create index UQE_user_email - v2"
t=2019-11-04T00:02:47+0000 lvl=info msg="Executing migration" logger=migrator id="copy data_source v1 to v2"
t=2019-11-04T00:02:47+0000 lvl=info msg="Executing migration" logger=migrator id="Drop old table user_v1"
t=2019-11-04T00:02:47+0000 lvl=info msg="Executing migration" logger=migrator id="Add column help_flags1 to user table"
t=2019-11-04T00:02:47+0000 lvl=info msg="Executing migration" logger=migrator id="Update user table charset"
t=2019-11-04T00:02:47+0000 lvl=info msg="Executing migration" logger=migrator id="Add last_seen_at column to user"
t=2019-11-04T00:02:47+0000 lvl=info msg="Executing migration" logger=migrator id="create temp user table v1-7"
t=2019-11-04T00:02:47+0000 lvl=info msg="Executing migration" logger=migrator id="create index IDX_temp_user_email - v1-7"
t=2019-11-04T00:02:47+0000 lvl=info msg="Executing migration" logger=migrator id="create index IDX_temp_user_org_id - v1-7"
t=2019-11-04T00:02:47+0000 lvl=info msg="Executing migration" logger=migrator id="create index IDX_temp_user_code - v1-7"
t=2019-11-04T00:02:47+0000 lvl=info msg="Executing migration" logger=migrator id="create index IDX_temp_user_status - v1-7"
t=2019-11-04T00:02:47+0000 lvl=info msg="Executing migration" logger=migrator id="Update temp_user table charset"
t=2019-11-04T00:02:47+0000 lvl=info msg="Executing migration" logger=migrator id="create star table"
t=2019-11-04T00:02:47+0000 lvl=info msg="Executing migration" logger=migrator id="add unique index star.user_id_dashboard_id"
t=2019-11-04T00:02:47+0000 lvl=info msg="Executing migration" logger=migrator id="create org table v1"
t=2019-11-04T00:02:47+0000 lvl=info msg="Executing migration" logger=migrator id="create index UQE_org_name - v1"
t=2019-11-04T00:02:47+0000 lvl=info msg="Executing migration" logger=migrator id="create org_user table v1"
t=2019-11-04T00:02:47+0000 lvl=info msg="Executing migration" logger=migrator id="create index IDX_org_user_org_id - v1"
t=2019-11-04T00:02:47+0000 lvl=info msg="Executing migration" logger=migrator id="create index UQE_org_user_org_id_user_id - v1"
t=2019-11-04T00:02:47+0000 lvl=info msg="Executing migration" logger=migrator id="Update org table charset"
t=2019-11-04T00:02:47+0000 lvl=info msg="Executing migration" logger=migrator id="Update org_user table charset"
t=2019-11-04T00:02:48+0000 lvl=info msg="Executing migration" logger=migrator id="Migrate all Read Only Viewers to Viewers"
t=2019-11-04T00:02:48+0000 lvl=info msg="Executing migration" logger=migrator id="create dashboard table"
t=2019-11-04T00:02:48+0000 lvl=info msg="Executing migration" logger=migrator id="add index dashboard.account_id"
t=2019-11-04T00:02:48+0000 lvl=info msg="Executing migration" logger=migrator id="add unique index dashboard_account_id_slug"
t=2019-11-04T00:02:48+0000 lvl=info msg="Executing migration" logger=migrator id="create dashboard_tag table"
t=2019-11-04T00:02:48+0000 lvl=info msg="Executing migration" logger=migrator id="add unique index dashboard_tag.dasboard_id_term"
t=2019-11-04T00:02:48+0000 lvl=info msg="Executing migration" logger=migrator id="drop index UQE_dashboard_tag_dashboard_id_term - v1"
t=2019-11-04T00:02:48+0000 lvl=info msg="Executing migration" logger=migrator id="Rename table dashboard to dashboard_v1 - v1"
t=2019-11-04T00:02:48+0000 lvl=info msg="Executing migration" logger=migrator id="create dashboard v2"
t=2019-11-04T00:02:48+0000 lvl=info msg="Executing migration" logger=migrator id="create index IDX_dashboard_org_id - v2"
t=2019-11-04T00:02:48+0000 lvl=info msg="Executing migration" logger=migrator id="create index UQE_dashboard_org_id_slug - v2"
t=2019-11-04T00:02:48+0000 lvl=info msg="Executing migration" logger=migrator id="copy dashboard v1 to v2"
t=2019-11-04T00:02:48+0000 lvl=info msg="Executing migration" logger=migrator id="drop table dashboard_v1"
t=2019-11-04T00:02:48+0000 lvl=info msg="Executing migration" logger=migrator id="alter dashboard.data to mediumtext v1"
t=2019-11-04T00:02:48+0000 lvl=info msg="Executing migration" logger=migrator id="Add column updated_by in dashboard - v2"
t=2019-11-04T00:02:48+0000 lvl=info msg="Executing migration" logger=migrator id="Add column created_by in dashboard - v2"
t=2019-11-04T00:02:48+0000 lvl=info msg="Executing migration" logger=migrator id="Add column gnetId in dashboard"
t=2019-11-04T00:02:48+0000 lvl=info msg="Executing migration" logger=migrator id="Add index for gnetId in dashboard"
t=2019-11-04T00:02:48+0000 lvl=info msg="Executing migration" logger=migrator id="Add column plugin_id in dashboard"
t=2019-11-04T00:02:48+0000 lvl=info msg="Executing migration" logger=migrator id="Add index for plugin_id in dashboard"
t=2019-11-04T00:02:48+0000 lvl=info msg="Executing migration" logger=migrator id="Add index for dashboard_id in dashboard_tag"
t=2019-11-04T00:02:48+0000 lvl=info msg="Executing migration" logger=migrator id="Update dashboard table charset"
t=2019-11-04T00:02:48+0000 lvl=info msg="Executing migration" logger=migrator id="Update dashboard_tag table charset"
t=2019-11-04T00:02:48+0000 lvl=info msg="Executing migration" logger=migrator id="Add column folder_id in dashboard"
t=2019-11-04T00:02:48+0000 lvl=info msg="Executing migration" logger=migrator id="Add column isFolder in dashboard"
t=2019-11-04T00:02:48+0000 lvl=info msg="Executing migration" logger=migrator id="Add column has_acl in dashboard"
t=2019-11-04T00:02:48+0000 lvl=info msg="Executing migration" logger=migrator id="Add column uid in dashboard"
t=2019-11-04T00:02:48+0000 lvl=info msg="Executing migration" logger=migrator id="Update uid column values in dashboard"
t=2019-11-04T00:02:48+0000 lvl=info msg="Executing migration" logger=migrator id="Add unique index dashboard_org_id_uid"
t=2019-11-04T00:02:48+0000 lvl=info msg="Executing migration" logger=migrator id="Remove unique index org_id_slug"
t=2019-11-04T00:02:48+0000 lvl=info msg="Executing migration" logger=migrator id="Update dashboard title length"
t=2019-11-04T00:02:48+0000 lvl=info msg="Executing migration" logger=migrator id="Add unique index for dashboard_org_id_title_folder_id"
t=2019-11-04T00:02:48+0000 lvl=info msg="Executing migration" logger=migrator id="create dashboard_provisioning"
t=2019-11-04T00:02:48+0000 lvl=info msg="Executing migration" logger=migrator id="Rename table dashboard_provisioning to dashboard_provisioning_tmp_qwerty - v1"
t=2019-11-04T00:02:48+0000 lvl=info msg="Executing migration" logger=migrator id="create dashboard_provisioning v2"
t=2019-11-04T00:02:48+0000 lvl=info msg="Executing migration" logger=migrator id="create index IDX_dashboard_provisioning_dashboard_id - v2"
t=2019-11-04T00:02:48+0000 lvl=info msg="Executing migration" logger=migrator id="create index IDX_dashboard_provisioning_dashboard_id_name - v2"
t=2019-11-04T00:02:48+0000 lvl=info msg="Executing migration" logger=migrator id="copy dashboard_provisioning v1 to v2"
t=2019-11-04T00:02:48+0000 lvl=info msg="Executing migration" logger=migrator id="drop dashboard_provisioning_tmp_qwerty"
t=2019-11-04T00:02:49+0000 lvl=info msg="Executing migration" logger=migrator id="Add check_sum column"
t=2019-11-04T00:02:49+0000 lvl=info msg="Executing migration" logger=migrator id="create data_source table"
t=2019-11-04T00:02:49+0000 lvl=info msg="Executing migration" logger=migrator id="add index data_source.account_id"
t=2019-11-04T00:02:49+0000 lvl=info msg="Executing migration" logger=migrator id="add unique index data_source.account_id_name"
t=2019-11-04T00:02:49+0000 lvl=info msg="Executing migration" logger=migrator id="drop index IDX_data_source_account_id - v1"
t=2019-11-04T00:02:49+0000 lvl=info msg="Executing migration" logger=migrator id="drop index UQE_data_source_account_id_name - v1"
t=2019-11-04T00:02:49+0000 lvl=info msg="Executing migration" logger=migrator id="Rename table data_source to data_source_v1 - v1"
t=2019-11-04T00:02:49+0000 lvl=info msg="Executing migration" logger=migrator id="create data_source table v2"
t=2019-11-04T00:02:49+0000 lvl=info msg="Executing migration" logger=migrator id="create index IDX_data_source_org_id - v2"
t=2019-11-04T00:02:49+0000 lvl=info msg="Executing migration" logger=migrator id="create index UQE_data_source_org_id_name - v2"
t=2019-11-04T00:02:49+0000 lvl=info msg="Executing migration" logger=migrator id="copy data_source v1 to v2"
t=2019-11-04T00:02:49+0000 lvl=info msg="Executing migration" logger=migrator id="Drop old table data_source_v1 #2"
t=2019-11-04T00:02:49+0000 lvl=info msg="Executing migration" logger=migrator id="Add column with_credentials"
t=2019-11-04T00:02:49+0000 lvl=info msg="Executing migration" logger=migrator id="Add secure json data column"
t=2019-11-04T00:02:49+0000 lvl=info msg="Executing migration" logger=migrator id="Update data_source table charset"
t=2019-11-04T00:02:49+0000 lvl=info msg="Executing migration" logger=migrator id="Update initial version to 1"
t=2019-11-04T00:02:49+0000 lvl=info msg="Executing migration" logger=migrator id="Add read_only data column"
t=2019-11-04T00:02:49+0000 lvl=info msg="Executing migration" logger=migrator id="create api_key table"
t=2019-11-04T00:02:49+0000 lvl=info msg="Executing migration" logger=migrator id="add index api_key.account_id"
t=2019-11-04T00:02:49+0000 lvl=info msg="Executing migration" logger=migrator id="add index api_key.key"
t=2019-11-04T00:02:49+0000 lvl=info msg="Executing migration" logger=migrator id="add index api_key.account_id_name"
t=2019-11-04T00:02:49+0000 lvl=info msg="Executing migration" logger=migrator id="drop index IDX_api_key_account_id - v1"
t=2019-11-04T00:02:49+0000 lvl=info msg="Executing migration" logger=migrator id="drop index UQE_api_key_key - v1"
t=2019-11-04T00:02:49+0000 lvl=info msg="Executing migration" logger=migrator id="drop index UQE_api_key_account_id_name - v1"
t=2019-11-04T00:02:49+0000 lvl=info msg="Executing migration" logger=migrator id="Rename table api_key to api_key_v1 - v1"
t=2019-11-04T00:02:49+0000 lvl=info msg="Executing migration" logger=migrator id="create api_key table v2"
t=2019-11-04T00:02:49+0000 lvl=info msg="Executing migration" logger=migrator id="create index IDX_api_key_org_id - v2"
t=2019-11-04T00:02:49+0000 lvl=info msg="Executing migration" logger=migrator id="create index UQE_api_key_key - v2"
t=2019-11-04T00:02:49+0000 lvl=info msg="Executing migration" logger=migrator id="create index UQE_api_key_org_id_name - v2"
t=2019-11-04T00:02:49+0000 lvl=info msg="Executing migration" logger=migrator id="copy api_key v1 to v2"
t=2019-11-04T00:02:49+0000 lvl=info msg="Executing migration" logger=migrator id="Drop old table api_key_v1"
t=2019-11-04T00:02:49+0000 lvl=info msg="Executing migration" logger=migrator id="Update api_key table charset"
t=2019-11-04T00:02:49+0000 lvl=info msg="Executing migration" logger=migrator id="create dashboard_snapshot table v4"
t=2019-11-04T00:02:49+0000 lvl=info msg="Executing migration" logger=migrator id="drop table dashboard_snapshot_v4 #1"
t=2019-11-04T00:02:49+0000 lvl=info msg="Executing migration" logger=migrator id="create dashboard_snapshot table v5 #2"
t=2019-11-04T00:02:49+0000 lvl=info msg="Executing migration" logger=migrator id="create index UQE_dashboard_snapshot_key - v5"
t=2019-11-04T00:02:49+0000 lvl=info msg="Executing migration" logger=migrator id="create index UQE_dashboard_snapshot_delete_key - v5"
t=2019-11-04T00:02:49+0000 lvl=info msg="Executing migration" logger=migrator id="create index IDX_dashboard_snapshot_user_id - v5"
t=2019-11-04T00:02:49+0000 lvl=info msg="Executing migration" logger=migrator id="alter dashboard_snapshot to mediumtext v2"
t=2019-11-04T00:02:49+0000 lvl=info msg="Executing migration" logger=migrator id="Update dashboard_snapshot table charset"
t=2019-11-04T00:02:49+0000 lvl=info msg="Executing migration" logger=migrator id="create quota table v1"
t=2019-11-04T00:02:49+0000 lvl=info msg="Executing migration" logger=migrator id="create index UQE_quota_org_id_user_id_target - v1"
t=2019-11-04T00:02:49+0000 lvl=info msg="Executing migration" logger=migrator id="Update quota table charset"
t=2019-11-04T00:02:49+0000 lvl=info msg="Executing migration" logger=migrator id="create plugin_setting table"
t=2019-11-04T00:02:49+0000 lvl=info msg="Executing migration" logger=migrator id="create index UQE_plugin_setting_org_id_plugin_id - v1"
t=2019-11-04T00:02:49+0000 lvl=info msg="Executing migration" logger=migrator id="Add column plugin_version to plugin_settings"
t=2019-11-04T00:02:49+0000 lvl=info msg="Executing migration" logger=migrator id="Update plugin_setting table charset"
t=2019-11-04T00:02:50+0000 lvl=info msg="Executing migration" logger=migrator id="create session table"
t=2019-11-04T00:02:50+0000 lvl=info msg="Executing migration" logger=migrator id="Drop old table playlist table"
t=2019-11-04T00:02:50+0000 lvl=info msg="Executing migration" logger=migrator id="Drop old table playlist_item table"
t=2019-11-04T00:02:50+0000 lvl=info msg="Executing migration" logger=migrator id="create playlist table v2"
t=2019-11-04T00:02:50+0000 lvl=info msg="Executing migration" logger=migrator id="create playlist item table v2"
t=2019-11-04T00:02:50+0000 lvl=info msg="Executing migration" logger=migrator id="Update playlist table charset"
t=2019-11-04T00:02:50+0000 lvl=info msg="Executing migration" logger=migrator id="Update playlist_item table charset"
t=2019-11-04T00:02:50+0000 lvl=info msg="Executing migration" logger=migrator id="drop preferences table v2"
t=2019-11-04T00:02:50+0000 lvl=info msg="Executing migration" logger=migrator id="drop preferences table v3"
t=2019-11-04T00:02:50+0000 lvl=info msg="Executing migration" logger=migrator id="create preferences table v3"
t=2019-11-04T00:02:50+0000 lvl=info msg="Executing migration" logger=migrator id="Update preferences table charset"
t=2019-11-04T00:02:50+0000 lvl=info msg="Executing migration" logger=migrator id="create alert table v1"
t=2019-11-04T00:02:50+0000 lvl=info msg="Executing migration" logger=migrator id="add index alert org_id & id "
t=2019-11-04T00:02:50+0000 lvl=info msg="Executing migration" logger=migrator id="add index alert state"
t=2019-11-04T00:02:50+0000 lvl=info msg="Executing migration" logger=migrator id="add index alert dashboard_id"
t=2019-11-04T00:02:50+0000 lvl=info msg="Executing migration" logger=migrator id="create alert_notification table v1"
t=2019-11-04T00:02:50+0000 lvl=info msg="Executing migration" logger=migrator id="Add column is_default"
t=2019-11-04T00:02:50+0000 lvl=info msg="Executing migration" logger=migrator id="add index alert_notification org_id & name"
t=2019-11-04T00:02:50+0000 lvl=info msg="Executing migration" logger=migrator id="Update alert table charset"
t=2019-11-04T00:02:50+0000 lvl=info msg="Executing migration" logger=migrator id="Update alert_notification table charset"
t=2019-11-04T00:02:50+0000 lvl=info msg="Executing migration" logger=migrator id="Drop old annotation table v4"
t=2019-11-04T00:02:50+0000 lvl=info msg="Executing migration" logger=migrator id="create annotation table v5"
t=2019-11-04T00:02:50+0000 lvl=info msg="Executing migration" logger=migrator id="add index annotation 0 v3"
t=2019-11-04T00:02:50+0000 lvl=info msg="Executing migration" logger=migrator id="add index annotation 1 v3"
t=2019-11-04T00:02:50+0000 lvl=info msg="Executing migration" logger=migrator id="add index annotation 2 v3"
t=2019-11-04T00:02:50+0000 lvl=info msg="Executing migration" logger=migrator id="add index annotation 3 v3"
t=2019-11-04T00:02:50+0000 lvl=info msg="Executing migration" logger=migrator id="add index annotation 4 v3"
t=2019-11-04T00:02:50+0000 lvl=info msg="Executing migration" logger=migrator id="Update annotation table charset"
t=2019-11-04T00:02:50+0000 lvl=info msg="Executing migration" logger=migrator id="Add column region_id to annotation table"
t=2019-11-04T00:02:50+0000 lvl=info msg="Executing migration" logger=migrator id="Drop category_id index"
t=2019-11-04T00:02:50+0000 lvl=info msg="Executing migration" logger=migrator id="Add column tags to annotation table"
t=2019-11-04T00:02:50+0000 lvl=info msg="Executing migration" logger=migrator id="Create annotation_tag table v2"
t=2019-11-04T00:02:50+0000 lvl=info msg="Executing migration" logger=migrator id="Add unique index annotation_tag.annotation_id_tag_id"
t=2019-11-04T00:02:50+0000 lvl=info msg="Executing migration" logger=migrator id="Update alert annotations and set TEXT to empty"
t=2019-11-04T00:02:50+0000 lvl=info msg="Executing migration" logger=migrator id="Add created time to annotation table"
t=2019-11-04T00:02:50+0000 lvl=info msg="Executing migration" logger=migrator id="Add updated time to annotation table"
t=2019-11-04T00:02:50+0000 lvl=info msg="Executing migration" logger=migrator id="Add index for created in annotation table"
t=2019-11-04T00:02:50+0000 lvl=info msg="Executing migration" logger=migrator id="Add index for updated in annotation table"
t=2019-11-04T00:02:50+0000 lvl=info msg="Executing migration" logger=migrator id="Convert existing annotations from seconds to milliseconds"
t=2019-11-04T00:02:50+0000 lvl=info msg="Executing migration" logger=migrator id="create test_data table"
t=2019-11-04T00:02:50+0000 lvl=info msg="Executing migration" logger=migrator id="create dashboard_version table v1"
t=2019-11-04T00:02:50+0000 lvl=info msg="Executing migration" logger=migrator id="add index dashboard_version.dashboard_id"
t=2019-11-04T00:02:50+0000 lvl=info msg="Executing migration" logger=migrator id="add unique index dashboard_version.dashboard_id and dashboard_version.version"
t=2019-11-04T00:02:50+0000 lvl=info msg="Executing migration" logger=migrator id="Set dashboard version to 1 where 0"
t=2019-11-04T00:02:50+0000 lvl=info msg="Executing migration" logger=migrator id="save existing dashboard data in dashboard_version table v1"
t=2019-11-04T00:02:50+0000 lvl=info msg="Executing migration" logger=migrator id="alter dashboard_version.data to mediumtext v1"
t=2019-11-04T00:02:50+0000 lvl=info msg="Executing migration" logger=migrator id="create team table"
t=2019-11-04T00:02:51+0000 lvl=info msg="Executing migration" logger=migrator id="add index team.org_id"
t=2019-11-04T00:02:51+0000 lvl=info msg="Executing migration" logger=migrator id="add unique index team_org_id_name"
t=2019-11-04T00:02:51+0000 lvl=info msg="Executing migration" logger=migrator id="create team member table"
t=2019-11-04T00:02:51+0000 lvl=info msg="Executing migration" logger=migrator id="add index team_member.org_id"
t=2019-11-04T00:02:51+0000 lvl=info msg="Executing migration" logger=migrator id="add unique index team_member_org_id_team_id_user_id"
t=2019-11-04T00:02:51+0000 lvl=info msg="Executing migration" logger=migrator id="Add column email to team table"
t=2019-11-04T00:02:51+0000 lvl=info msg="Executing migration" logger=migrator id="create dashboard acl table"
t=2019-11-04T00:02:51+0000 lvl=info msg="Executing migration" logger=migrator id="add index dashboard_acl_dashboard_id"
t=2019-11-04T00:02:51+0000 lvl=info msg="Executing migration" logger=migrator id="add unique index dashboard_acl_dashboard_id_user_id"
t=2019-11-04T00:02:51+0000 lvl=info msg="Executing migration" logger=migrator id="add unique index dashboard_acl_dashboard_id_team_id"
t=2019-11-04T00:02:51+0000 lvl=info msg="Executing migration" logger=migrator id="save default acl rules in dashboard_acl table"
t=2019-11-04T00:02:51+0000 lvl=info msg="Executing migration" logger=migrator id="create tag table"
t=2019-11-04T00:02:51+0000 lvl=info msg="Executing migration" logger=migrator id="add index tag.key_value"
t=2019-11-04T00:02:51+0000 lvl=info msg="Executing migration" logger=migrator id="create login attempt table"
t=2019-11-04T00:02:51+0000 lvl=info msg="Executing migration" logger=migrator id="add index login_attempt.username"
t=2019-11-04T00:02:51+0000 lvl=info msg="Executing migration" logger=migrator id="drop index IDX_login_attempt_username - v1"
t=2019-11-04T00:02:51+0000 lvl=info msg="Executing migration" logger=migrator id="Rename table login_attempt to login_attempt_tmp_qwerty - v1"
t=2019-11-04T00:02:51+0000 lvl=info msg="Executing migration" logger=migrator id="create login_attempt v2"
t=2019-11-04T00:02:51+0000 lvl=info msg="Executing migration" logger=migrator id="create index IDX_login_attempt_username - v2"
t=2019-11-04T00:02:51+0000 lvl=info msg="Executing migration" logger=migrator id="copy login_attempt v1 to v2"
t=2019-11-04T00:02:51+0000 lvl=info msg="Executing migration" logger=migrator id="drop login_attempt_tmp_qwerty"
t=2019-11-04T00:02:51+0000 lvl=info msg="Executing migration" logger=migrator id="create user auth table"
t=2019-11-04T00:02:51+0000 lvl=info msg="Executing migration" logger=migrator id="create index IDX_user_auth_auth_module_auth_id - v1"
t=2019-11-04T00:02:51+0000 lvl=info msg="Executing migration" logger=migrator id="alter user_auth.auth_id to length 190"
t=2019-11-04T00:02:51+0000 lvl=info msg="Created default admin user: %v" logger=sqlstore admin=nil LOG15_ERROR="Normalized odd number of arguments by adding nil"
t=2019-11-04T00:02:51+0000 lvl=info msg="Initializing SearchService" logger=server
t=2019-11-04T00:02:51+0000 lvl=info msg="Initializing PluginManager" logger=server
t=2019-11-04T00:02:51+0000 lvl=info msg="Starting plugin search" logger=plugins
t=2019-11-04T00:02:51+0000 lvl=info msg="Plugin dir created" logger=plugins dir=/opt/grafana/data/plugins
t=2019-11-04T00:02:51+0000 lvl=info msg="Initializing InternalMetricsService" logger=server
t=2019-11-04T00:02:51+0000 lvl=info msg="Initializing AlertingService" logger=server
t=2019-11-04T00:02:51+0000 lvl=info msg="Initializing HTTPServer" logger=server
t=2019-11-04T00:02:51+0000 lvl=info msg="Initializing CleanUpService" logger=server
t=2019-11-04T00:02:51+0000 lvl=info msg="Initializing NotificationService" logger=server
t=2019-11-04T00:02:51+0000 lvl=info msg="Initializing ProvisioningService" logger=server
t=2019-11-04T00:02:51+0000 lvl=info msg="Initializing RenderingService" logger=server
t=2019-11-04T00:02:51+0000 lvl=info msg="Initializing TracingService" logger=server
t=2019-11-04T00:02:51+0000 lvl=info msg="Initializing Stream Manager"
t=2019-11-04T00:02:51+0000 lvl=info msg="HTTP Server Listen" logger=http.server address=0.0.0.0:3000 protocol=http subUrl= socket=
t=2019-11-04T00:02:58+0000 lvl=info msg="Request Completed" logger=context userId=0 orgId=0 uname= method=POST path=/tags/tagMultiSeries status=404 remote_addr=127.0.0.1 time_ms=43 size=10502 referer=
t=2019-11-04T00:02:58+0000 lvl=info msg="Request Completed" logger=context userId=0 orgId=0 uname= method=POST path=/tags/tagMultiSeries status=404 remote_addr=127.0.0.1 time_ms=29 size=10502 referer=
t=2019-11-04T00:02:58+0000 lvl=info msg="Request Completed" logger=context userId=0 orgId=0 uname= method=POST path=/tags/tagMultiSeries status=404 remote_addr=127.0.0.1 time_ms=23 size=10502 referer=
t=2019-11-04T00:02:58+0000 lvl=info msg="Request Completed" logger=context userId=0 orgId=0 uname= method=POST path=/tags/tagMultiSeries status=404 remote_addr=127.0.0.1 time_ms=23 size=10502 referer=
t=2019-11-04T00:02:58+0000 lvl=info msg="Request Completed" logger=context userId=0 orgId=0 uname= method=POST path=/tags/tagMultiSeries status=404 remote_addr=127.0.0.1 time_ms=24 size=10502 referer=
t=2019-11-04T00:03:07+0000 lvl=info msg="Request Completed" logger=context userId=0 orgId=0 uname= method=POST path=/tags/tagMultiSeries status=404 remote_addr=127.0.0.1 time_ms=15 size=10502 referer=
t=2019-11-04T00:03:48+0000 lvl=info msg="Request Completed" logger=context userId=0 orgId=0 uname= method=POST path=/tags/tagMultiSeries status=404 remote_addr=127.0.0.1 time_ms=15 size=10502 referer=
t=2019-11-04T00:03:48+0000 lvl=info msg="Request Completed" logger=context userId=0 orgId=0 uname= method=POST path=/tags/tagMultiSeries status=404 remote_addr=127.0.0.1 time_ms=15 size=10502 referer=
t=2019-11-04T00:03:48+0000 lvl=info msg="Request Completed" logger=context userId=0 orgId=0 uname= method=POST path=/tags/tagMultiSeries status=404 remote_addr=127.0.0.1 time_ms=21 size=10502 referer=
t=2019-11-04T00:03:48+0000 lvl=info msg="Request Completed" logger=context userId=0 orgId=0 uname= method=POST path=/tags/tagMultiSeries status=404 remote_addr=127.0.0.1 time_ms=26 size=10502 referer=
t=2019-11-04T00:03:48+0000 lvl=info msg="Request Completed" logger=context userId=0 orgId=0 uname= method=POST path=/tags/tagMultiSeries status=404 remote_addr=127.0.0.1 time_ms=25 size=10502 referer=
t=2019-11-04T00:03:49+0000 lvl=info msg="Request Completed" logger=context userId=0 orgId=0 uname= method=POST path=/tags/tagMultiSeries status=404 remote_addr=127.0.0.1 time_ms=19 size=10502 referer=
t=2019-11-04T00:06:23+0000 lvl=info msg="Starting Grafana" logger=server version=5.2.2 commit=aeaf7b2 compiled=2018-07-25T11:17:28+0000
t=2019-11-04T00:06:23+0000 lvl=info msg="Config loaded from" logger=settings file=/opt/grafana/conf/defaults.ini
t=2019-11-04T00:06:23+0000 lvl=info msg="Config loaded from" logger=settings file=/opt/grafana/conf/custom.ini
t=2019-11-04T00:06:23+0000 lvl=info msg="Path Home" logger=settings path=/opt/grafana
t=2019-11-04T00:06:23+0000 lvl=info msg="Path Data" logger=settings path=/opt/grafana/data
t=2019-11-04T00:06:23+0000 lvl=info msg="Path Logs" logger=settings path=/opt/grafana/data/log
t=2019-11-04T00:06:23+0000 lvl=info msg="Path Plugins" logger=settings path=/opt/grafana/data/plugins
t=2019-11-04T00:06:23+0000 lvl=info msg="Path Provisioning" logger=settings path=/opt/grafana/conf/provisioning
t=2019-11-04T00:06:23+0000 lvl=info msg="App mode production" logger=settings
t=2019-11-04T00:06:23+0000 lvl=info msg="Initializing SqlStore" logger=server
t=2019-11-04T00:06:23+0000 lvl=info msg="Connecting to DB" logger=sqlstore dbtype=sqlite3
t=2019-11-04T00:06:23+0000 lvl=info msg="Starting DB migration" logger=migrator
t=2019-11-04T00:06:23+0000 lvl=info msg="Initializing SearchService" logger=server
t=2019-11-04T00:06:23+0000 lvl=info msg="Initializing PluginManager" logger=server
t=2019-11-04T00:06:24+0000 lvl=info msg="Starting plugin search" logger=plugins
t=2019-11-04T00:06:24+0000 lvl=info msg="Initializing InternalMetricsService" logger=server
t=2019-11-04T00:06:24+0000 lvl=info msg="Initializing AlertingService" logger=server
t=2019-11-04T00:06:24+0000 lvl=info msg="Initializing HTTPServer" logger=server
t=2019-11-04T00:06:24+0000 lvl=info msg="Initializing CleanUpService" logger=server
t=2019-11-04T00:06:24+0000 lvl=info msg="Initializing NotificationService" logger=server
t=2019-11-04T00:06:24+0000 lvl=info msg="Initializing ProvisioningService" logger=server
t=2019-11-04T00:06:24+0000 lvl=info msg="Initializing RenderingService" logger=server
t=2019-11-04T00:06:24+0000 lvl=info msg="Initializing TracingService" logger=server
t=2019-11-04T00:06:24+0000 lvl=info msg="Initializing Stream Manager"
t=2019-11-04T00:06:24+0000 lvl=info msg="HTTP Server Listen" logger=http.server address=0.0.0.0:3000 protocol=http subUrl= socket=
t=2019-11-04T00:06:35+0000 lvl=info msg="Request Completed" logger=context userId=1 orgId=1 uname=admin method=POST path=/api/dashboards/db/ status=412 remote_addr=127.0.0.1 time_ms=27 size=88 referer=
t=2019-11-04T02:15:20+0000 lvl=info msg="Starting Grafana" logger=server version=5.2.2 commit=aeaf7b2 compiled=2018-07-25T11:17:28+0000
t=2019-11-04T02:15:20+0000 lvl=info msg="Config loaded from" logger=settings file=/opt/grafana/conf/defaults.ini
t=2019-11-04T02:15:20+0000 lvl=info msg="Config loaded from" logger=settings file=/opt/grafana/conf/custom.ini
t=2019-11-04T02:15:20+0000 lvl=info msg="Path Home" logger=settings path=/opt/grafana
t=2019-11-04T02:15:20+0000 lvl=info msg="Path Data" logger=settings path=/opt/grafana/data
t=2019-11-04T02:15:20+0000 lvl=info msg="Path Logs" logger=settings path=/opt/grafana/data/log
t=2019-11-04T02:15:20+0000 lvl=info msg="Path Plugins" logger=settings path=/opt/grafana/data/plugins
t=2019-11-04T02:15:20+0000 lvl=info msg="Path Provisioning" logger=settings path=/opt/grafana/conf/provisioning
t=2019-11-04T02:15:20+0000 lvl=info msg="App mode production" logger=settings
t=2019-11-04T02:15:20+0000 lvl=info msg="Initializing SqlStore" logger=server
t=2019-11-04T02:15:20+0000 lvl=info msg="Connecting to DB" logger=sqlstore dbtype=sqlite3
t=2019-11-04T02:15:20+0000 lvl=info msg="Starting DB migration" logger=migrator
t=2019-11-04T02:15:20+0000 lvl=info msg="Initializing SearchService" logger=server
t=2019-11-04T02:15:20+0000 lvl=info msg="Initializing PluginManager" logger=server
t=2019-11-04T02:15:20+0000 lvl=info msg="Starting plugin search" logger=plugins
t=2019-11-04T02:15:20+0000 lvl=info msg="Initializing InternalMetricsService" logger=server
t=2019-11-04T02:15:20+0000 lvl=info msg="Initializing AlertingService" logger=server
t=2019-11-04T02:15:20+0000 lvl=info msg="Initializing HTTPServer" logger=server
t=2019-11-04T02:15:20+0000 lvl=info msg="Initializing CleanUpService" logger=server
t=2019-11-04T02:15:20+0000 lvl=info msg="Initializing NotificationService" logger=server
t=2019-11-04T02:15:20+0000 lvl=info msg="Initializing ProvisioningService" logger=server
t=2019-11-04T02:15:20+0000 lvl=info msg="Initializing RenderingService" logger=server
t=2019-11-04T02:15:20+0000 lvl=info msg="Initializing TracingService" logger=server
t=2019-11-04T02:15:20+0000 lvl=info msg="Initializing Stream Manager"
t=2019-11-04T02:15:20+0000 lvl=info msg="HTTP Server Listen" logger=http.server address=0.0.0.0:3000 protocol=http subUrl= socket=
t=2019-11-04T02:15:31+0000 lvl=info msg="Request Completed" logger=context userId=0 orgId=0 uname= method=POST path=/tags/tagMultiSeries status=404 remote_addr=127.0.0.1 time_ms=27 size=10502 referer=
t=2019-11-04T02:15:32+0000 lvl=info msg="Request Completed" logger=context userId=1 orgId=1 uname=admin method=POST path=/api/dashboards/db/ status=412 remote_addr=127.0.0.1 time_ms=31 size=88 referer=
t=2019-11-04T02:16:21+0000 lvl=info msg="Request Completed" logger=context userId=0 orgId=0 uname= method=POST path=/tags/tagMultiSeries status=404 remote_addr=127.0.0.1 time_ms=26 size=10502 referer=
t=2019-11-04T02:16:21+0000 lvl=info msg="Request Completed" logger=context userId=0 orgId=0 uname= method=POST path=/tags/tagMultiSeries status=404 remote_addr=127.0.0.1 time_ms=25 size=10502 referer=
t=2019-11-04T02:16:22+0000 lvl=info msg="Request Completed" logger=context userId=0 orgId=0 uname= method=POST path=/tags/tagMultiSeries status=404 remote_addr=127.0.0.1 time_ms=34 size=10502 referer=
t=2019-11-04T02:16:22+0000 lvl=info msg="Request Completed" logger=context userId=0 orgId=0 uname= method=POST path=/tags/tagMultiSeries status=404 remote_addr=127.0.0.1 time_ms=34 size=10502 referer=
t=2019-11-04T02:16:22+0000 lvl=info msg="Request Completed" logger=context userId=0 orgId=0 uname= method=POST path=/tags/tagMultiSeries status=404 remote_addr=127.0.0.1 time_ms=21 size=10502 referer=
t=2019-11-04T02:16:22+0000 lvl=info msg="Request Completed" logger=context userId=0 orgId=0 uname= method=POST path=/tags/tagMultiSeries status=404 remote_addr=127.0.0.1 time_ms=18 size=10502 referer=
t=2019-11-04T02:17:21+0000 lvl=info msg="Request Completed" logger=context userId=0 orgId=0 uname= method=POST path=/tags/tagMultiSeries status=404 remote_addr=127.0.0.1 time_ms=21 size=10502 referer=
t=2019-11-04T02:18:21+0000 lvl=info msg="Request Completed" logger=context userId=0 orgId=0 uname= method=POST path=/tags/tagMultiSeries status=404 remote_addr=127.0.0.1 time_ms=22 size=10502 referer=
t=2019-11-04T02:19:21+0000 lvl=info msg="Request Completed" logger=context userId=0 orgId=0 uname= method=POST path=/tags/tagMultiSeries status=404 remote_addr=127.0.0.1 time_ms=22 size=10502 referer=
t=2019-11-04T02:20:21+0000 lvl=info msg="Request Completed" logger=context userId=0 orgId=0 uname= method=POST path=/tags/tagMultiSeries status=404 remote_addr=127.0.0.1 time_ms=24 size=10502 referer=
t=2019-11-04T02:21:21+0000 lvl=info msg="Request Completed" logger=context userId=0 orgId=0 uname= method=POST path=/tags/tagMultiSeries status=404 remote_addr=127.0.0.1 time_ms=19 size=10502 referer=
t=2019-11-04T02:22:21+0000 lvl=info msg="Request Completed" logger=context userId=0 orgId=0 uname= method=POST path=/tags/tagMultiSeries status=404 remote_addr=127.0.0.1 time_ms=32 size=10502 referer=
t=2019-11-04T02:26:43+0000 lvl=info msg="Starting Grafana" logger=server version=5.2.2 commit=aeaf7b2 compiled=2018-07-25T11:17:28+0000
t=2019-11-04T02:26:43+0000 lvl=info msg="Config loaded from" logger=settings file=/opt/grafana/conf/defaults.ini
t=2019-11-04T02:26:43+0000 lvl=info msg="Config loaded from" logger=settings file=/opt/grafana/conf/custom.ini
t=2019-11-04T02:26:43+0000 lvl=info msg="Path Home" logger=settings path=/opt/grafana
t=2019-11-04T02:26:43+0000 lvl=info msg="Path Data" logger=settings path=/opt/grafana/data
t=2019-11-04T02:26:43+0000 lvl=info msg="Path Logs" logger=settings path=/opt/grafana/data/log
t=2019-11-04T02:26:43+0000 lvl=info msg="Path Plugins" logger=settings path=/opt/grafana/data/plugins
t=2019-11-04T02:26:43+0000 lvl=info msg="Path Provisioning" logger=settings path=/opt/grafana/conf/provisioning
t=2019-11-04T02:26:43+0000 lvl=info msg="App mode production" logger=settings
t=2019-11-04T02:26:43+0000 lvl=info msg="Initializing SqlStore" logger=server
t=2019-11-04T02:26:43+0000 lvl=info msg="Connecting to DB" logger=sqlstore dbtype=sqlite3
t=2019-11-04T02:26:43+0000 lvl=info msg="Starting DB migration" logger=migrator
t=2019-11-04T02:26:43+0000 lvl=info msg="Initializing SearchService" logger=server
t=2019-11-04T02:26:43+0000 lvl=info msg="Initializing PluginManager" logger=server
t=2019-11-04T02:26:43+0000 lvl=info msg="Starting plugin search" logger=plugins
t=2019-11-04T02:26:43+0000 lvl=info msg="Initializing InternalMetricsService" logger=server
t=2019-11-04T02:26:43+0000 lvl=info msg="Initializing AlertingService" logger=server
t=2019-11-04T02:26:43+0000 lvl=info msg="Initializing HTTPServer" logger=server
t=2019-11-04T02:26:43+0000 lvl=info msg="Initializing CleanUpService" logger=server
t=2019-11-04T02:26:43+0000 lvl=info msg="Initializing NotificationService" logger=server
t=2019-11-04T02:26:43+0000 lvl=info msg="Initializing ProvisioningService" logger=server
t=2019-11-04T02:26:43+0000 lvl=info msg="Initializing RenderingService" logger=server
t=2019-11-04T02:26:43+0000 lvl=info msg="Initializing TracingService" logger=server
t=2019-11-04T02:26:43+0000 lvl=info msg="Initializing Stream Manager"
t=2019-11-04T02:26:43+0000 lvl=info msg="HTTP Server Listen" logger=http.server address=0.0.0.0:3000 protocol=http subUrl= socket=
t=2019-11-04T02:26:53+0000 lvl=info msg="Request Completed" logger=context userId=0 orgId=0 uname= method=POST path=/tags/tagMultiSeries status=404 remote_addr=127.0.0.1 time_ms=47 size=10502 referer=
t=2019-11-04T02:26:55+0000 lvl=info msg="Request Completed" logger=context userId=1 orgId=1 uname=admin method=POST path=/api/dashboards/db/ status=412 remote_addr=127.0.0.1 time_ms=27 size=88 referer=
t=2019-11-04T02:27:44+0000 lvl=info msg="Request Completed" logger=context userId=0 orgId=0 uname= method=POST path=/tags/tagMultiSeries status=404 remote_addr=127.0.0.1 time_ms=32 size=10502 referer=
t=2019-11-04T02:27:44+0000 lvl=info msg="Request Completed" logger=context userId=0 orgId=0 uname= method=POST path=/tags/tagMultiSeries status=404 remote_addr=127.0.0.1 time_ms=42 size=10502 referer=
t=2019-11-04T02:27:44+0000 lvl=info msg="Request Completed" logger=context userId=0 orgId=0 uname= method=POST path=/tags/tagMultiSeries status=404 remote_addr=127.0.0.1 time_ms=31 size=10502 referer=
t=2019-11-04T02:27:45+0000 lvl=info msg="Request Completed" logger=context userId=0 orgId=0 uname= method=POST path=/tags/tagMultiSeries status=404 remote_addr=127.0.0.1 time_ms=23 size=10502 referer=
t=2019-11-04T02:27:45+0000 lvl=info msg="Request Completed" logger=context userId=0 orgId=0 uname= method=POST path=/tags/tagMultiSeries status=404 remote_addr=127.0.0.1 time_ms=24 size=10502 referer=
t=2019-11-04T02:27:45+0000 lvl=info msg="Request Completed" logger=context userId=0 orgId=0 uname= method=POST path=/tags/tagMultiSeries status=404 remote_addr=127.0.0.1 time_ms=22 size=10502 referer=
t=2019-11-04T02:27:45+0000 lvl=info msg="Request Completed" logger=context userId=0 orgId=0 uname= method=POST path=/tags/tagMultiSeries status=404 remote_addr=127.0.0.1 time_ms=21 size=10502 referer=
t=2019-11-04T02:27:45+0000 lvl=info msg="Request Completed" logger=context userId=0 orgId=0 uname= method=POST path=/tags/tagMultiSeries status=404 remote_addr=127.0.0.1 time_ms=20 size=10502 referer=
t=2019-11-04T02:28:44+0000 lvl=info msg="Request Completed" logger=context userId=0 orgId=0 uname= method=POST path=/tags/tagMultiSeries status=404 remote_addr=127.0.0.1 time_ms=24 size=10502 referer=
t=2019-11-04T04:33:02+0000 lvl=info msg="Starting Grafana" logger=server version=5.2.2 commit=aeaf7b2 compiled=2018-07-25T11:17:28+0000
t=2019-11-04T04:33:02+0000 lvl=info msg="Config loaded from" logger=settings file=/opt/grafana/conf/defaults.ini
t=2019-11-04T04:33:02+0000 lvl=info msg="Config loaded from" logger=settings file=/opt/grafana/conf/custom.ini
t=2019-11-04T04:33:02+0000 lvl=info msg="Path Home" logger=settings path=/opt/grafana
t=2019-11-04T04:33:02+0000 lvl=info msg="Path Data" logger=settings path=/opt/grafana/data
t=2019-11-04T04:33:02+0000 lvl=info msg="Path Logs" logger=settings path=/opt/grafana/data/log
t=2019-11-04T04:33:02+0000 lvl=info msg="Path Plugins" logger=settings path=/opt/grafana/data/plugins
t=2019-11-04T04:33:02+0000 lvl=info msg="Path Provisioning" logger=settings path=/opt/grafana/conf/provisioning
t=2019-11-04T04:33:02+0000 lvl=info msg="App mode production" logger=settings
t=2019-11-04T04:33:02+0000 lvl=info msg="Initializing SqlStore" logger=server
t=2019-11-04T04:33:02+0000 lvl=info msg="Connecting to DB" logger=sqlstore dbtype=sqlite3
t=2019-11-04T04:33:02+0000 lvl=info msg="Starting DB migration" logger=migrator
t=2019-11-04T04:33:03+0000 lvl=info msg="Initializing SearchService" logger=server
t=2019-11-04T04:33:03+0000 lvl=info msg="Initializing PluginManager" logger=server
t=2019-11-04T04:33:03+0000 lvl=info msg="Starting plugin search" logger=plugins
t=2019-11-04T04:33:03+0000 lvl=info msg="Initializing InternalMetricsService" logger=server
t=2019-11-04T04:33:03+0000 lvl=info msg="Initializing AlertingService" logger=server
t=2019-11-04T04:33:03+0000 lvl=info msg="Initializing HTTPServer" logger=server
t=2019-11-04T04:33:03+0000 lvl=info msg="Initializing CleanUpService" logger=server
t=2019-11-04T04:33:03+0000 lvl=info msg="Initializing NotificationService" logger=server
t=2019-11-04T04:33:03+0000 lvl=info msg="Initializing ProvisioningService" logger=server
t=2019-11-04T04:33:03+0000 lvl=info msg="Initializing RenderingService" logger=server
t=2019-11-04T04:33:03+0000 lvl=info msg="Initializing TracingService" logger=server
t=2019-11-04T04:33:03+0000 lvl=info msg="Initializing Stream Manager"
t=2019-11-04T04:33:03+0000 lvl=info msg="HTTP Server Listen" logger=http.server address=0.0.0.0:3000 protocol=http subUrl= socket=
t=2019-11-04T04:33:13+0000 lvl=info msg="Request Completed" logger=context userId=0 orgId=0 uname= method=POST path=/tags/tagMultiSeries status=404 remote_addr=127.0.0.1 time_ms=18 size=10502 referer=
t=2019-11-04T04:33:14+0000 lvl=info msg="Request Completed" logger=context userId=1 orgId=1 uname=admin method=POST path=/api/dashboards/db/ status=412 remote_addr=127.0.0.1 time_ms=23 size=88 referer=
t=2019-11-04T04:34:03+0000 lvl=info msg="Request Completed" logger=context userId=0 orgId=0 uname= method=POST path=/tags/tagMultiSeries status=404 remote_addr=127.0.0.1 time_ms=9 size=10502 referer=
t=2019-11-04T04:34:03+0000 lvl=info msg="Request Completed" logger=context userId=0 orgId=0 uname= method=POST path=/tags/tagMultiSeries status=404 remote_addr=127.0.0.1 time_ms=8 size=10502 referer=
t=2019-11-04T04:34:03+0000 lvl=info msg="Request Completed" logger=context userId=0 orgId=0 uname= method=POST path=/tags/tagMultiSeries status=404 remote_addr=127.0.0.1 time_ms=9 size=10502 referer=
t=2019-11-04T04:34:03+0000 lvl=info msg="Request Completed" logger=context userId=0 orgId=0 uname= method=POST path=/tags/tagMultiSeries status=404 remote_addr=127.0.0.1 time_ms=9 size=10502 referer=
t=2019-11-04T04:34:04+0000 lvl=info msg="Request Completed" logger=context userId=0 orgId=0 uname= method=POST path=/tags/tagMultiSeries status=404 remote_addr=127.0.0.1 time_ms=11 size=10502 referer=
t=2019-11-04T04:35:03+0000 lvl=info msg="Request Completed" logger=context userId=0 orgId=0 uname= method=POST path=/tags/tagMultiSeries status=404 remote_addr=127.0.0.1 time_ms=10 size=10502 referer=
t=2019-11-04T04:36:03+0000 lvl=info msg="Request Completed" logger=context userId=0 orgId=0 uname= method=POST path=/tags/tagMultiSeries status=404 remote_addr=127.0.0.1 time_ms=8 size=10502 referer=
t=2019-11-04T04:37:03+0000 lvl=info msg="Request Completed" logger=context userId=0 orgId=0 uname= method=POST path=/tags/tagMultiSeries status=404 remote_addr=127.0.0.1 time_ms=9 size=10502 referer=
t=2019-11-04T04:38:04+0000 lvl=info msg="Request Completed" logger=context userId=0 orgId=0 uname= method=POST path=/tags/tagMultiSeries status=404 remote_addr=127.0.0.1 time_ms=9 size=10502 referer=
t=2019-11-04T04:39:03+0000 lvl=info msg="Request Completed" logger=context userId=0 orgId=0 uname= method=POST path=/tags/tagMultiSeries status=404 remote_addr=127.0.0.1 time_ms=12 size=10502 referer=
t=2019-11-04T04:40:03+0000 lvl=info msg="Request Completed" logger=context userId=0 orgId=0 uname= method=POST path=/tags/tagMultiSeries status=404 remote_addr=127.0.0.1 time_ms=6 size=10502 referer=
t=2019-11-04T04:41:04+0000 lvl=info msg="Request Completed" logger=context userId=0 orgId=0 uname= method=POST path=/tags/tagMultiSeries status=404 remote_addr=127.0.0.1 time_ms=11 size=10502 referer=
t=2019-11-04T04:42:03+0000 lvl=info msg="Request Completed" logger=context userId=0 orgId=0 uname= method=POST path=/tags/tagMultiSeries status=404 remote_addr=127.0.0.1 time_ms=6 size=10502 referer=
t=2019-11-04T04:43:03+0000 lvl=info msg="Request Completed" logger=context userId=0 orgId=0 uname= method=POST path=/tags/tagMultiSeries status=404 remote_addr=127.0.0.1 time_ms=8 size=10502 referer=
t=2019-11-04T04:44:03+0000 lvl=info msg="Request Completed" logger=context userId=0 orgId=0 uname= method=POST path=/tags/tagMultiSeries status=404 remote_addr=127.0.0.1 time_ms=7 size=10502 referer=
t=2019-11-04T04:45:03+0000 lvl=info msg="Request Completed" logger=context userId=0 orgId=0 uname= method=POST path=/tags/tagMultiSeries status=404 remote_addr=127.0.0.1 time_ms=6 size=10502 referer=
t=2019-11-04T04:46:03+0000 lvl=info msg="Request Completed" logger=context userId=0 orgId=0 uname= method=POST path=/tags/tagMultiSeries status=404 remote_addr=127.0.0.1 time_ms=10 size=10502 referer=
t=2019-11-04T04:47:03+0000 lvl=info msg="Request Completed" logger=context userId=0 orgId=0 uname= method=POST path=/tags/tagMultiSeries status=404 remote_addr=127.0.0.1 time_ms=10 size=10502 referer=
t=2019-11-04T04:48:03+0000 lvl=info msg="Request Completed" logger=context userId=0 orgId=0 uname= method=POST path=/tags/tagMultiSeries status=404 remote_addr=127.0.0.1 time_ms=7 size=10502 referer=
t=2019-11-04T04:49:04+0000 lvl=info msg="Request Completed" logger=context userId=0 orgId=0 uname= method=POST path=/tags/tagMultiSeries status=404 remote_addr=127.0.0.1 time_ms=7 size=10502 referer=
t=2019-11-04T04:49:53+0000 lvl=info msg="Request Completed" logger=context userId=0 orgId=0 uname= method=POST path=/tags/tagMultiSeries status=404 remote_addr=127.0.0.1 time_ms=9 size=10502 referer=
t=2019-11-04T04:50:53+0000 lvl=info msg="Request Completed" logger=context userId=0 orgId=0 uname= method=POST path=/tags/tagMultiSeries status=404 remote_addr=127.0.0.1 time_ms=8 size=10502 referer=
t=2019-11-04T04:51:53+0000 lvl=info msg="Request Completed" logger=context userId=0 orgId=0 uname= method=POST path=/tags/tagMultiSeries status=404 remote_addr=127.0.0.1 time_ms=7 size=10502 referer=
t=2019-11-04T04:52:53+0000 lvl=info msg="Request Completed" logger=context userId=0 orgId=0 uname= method=POST path=/tags/tagMultiSeries status=404 remote_addr=127.0.0.1 time_ms=11 size=10502 referer=
t=2019-11-04T04:53:53+0000 lvl=info msg="Request Completed" logger=context userId=0 orgId=0 uname= method=POST path=/tags/tagMultiSeries status=404 remote_addr=127.0.0.1 time_ms=10 size=10502 referer=
t=2019-11-04T04:54:54+0000 lvl=info msg="Request Completed" logger=context userId=0 orgId=0 uname= method=POST path=/tags/tagMultiSeries status=404 remote_addr=127.0.0.1 time_ms=8 size=10502 referer=
t=2019-11-04T04:55:53+0000 lvl=info msg="Request Completed" logger=context userId=0 orgId=0 uname= method=POST path=/tags/tagMultiSeries status=404 remote_addr=127.0.0.1 time_ms=9 size=10502 referer=
t=2019-11-04T04:56:43+0000 lvl=info msg="Request Completed" logger=context userId=0 orgId=0 uname= method=POST path=/tags/tagMultiSeries status=404 remote_addr=127.0.0.1 time_ms=8 size=10502 referer=
t=2019-11-04T04:57:44+0000 lvl=info msg="Request Completed" logger=context userId=0 orgId=0 uname= method=POST path=/tags/tagMultiSeries status=404 remote_addr=127.0.0.1 time_ms=9 size=10502 referer=
t=2019-11-04T04:58:43+0000 lvl=info msg="Request Completed" logger=context userId=0 orgId=0 uname= method=POST path=/tags/tagMultiSeries status=404 remote_addr=127.0.0.1 time_ms=10 size=10502 referer=
t=2019-11-04T04:59:43+0000 lvl=info msg="Request Completed" logger=context userId=0 orgId=0 uname= method=POST path=/tags/tagMultiSeries status=404 remote_addr=127.0.0.1 time_ms=10 size=10502 referer=
t=2019-11-04T05:01:53+0000 lvl=info msg="Request Completed" logger=context userId=0 orgId=0 uname= method=POST path=/tags/tagMultiSeries status=404 remote_addr=127.0.0.1 time_ms=10 size=10502 referer=
t=2019-11-04T05:28:23+0000 lvl=info msg="Request Completed" logger=context userId=0 orgId=0 uname= method=POST path=/tags/tagMultiSeries status=404 remote_addr=127.0.0.1 time_ms=12 size=10502 referer=
t=2019-11-04T05:29:24+0000 lvl=info msg="Request Completed" logger=context userId=0 orgId=0 uname= method=POST path=/tags/tagMultiSeries status=404 remote_addr=127.0.0.1 time_ms=7 size=10502 referer=
t=2019-11-04T05:30:23+0000 lvl=info msg="Request Completed" logger=context userId=0 orgId=0 uname= method=POST path=/tags/tagMultiSeries status=404 remote_addr=127.0.0.1 time_ms=8 size=10502 referer=
t=2019-11-04T05:31:23+0000 lvl=info msg="Request Completed" logger=context userId=0 orgId=0 uname= method=POST path=/tags/tagMultiSeries status=404 remote_addr=127.0.0.1 time_ms=10 size=10502 referer=
t=2019-11-04T05:32:24+0000 lvl=info msg="Request Completed" logger=context userId=0 orgId=0 uname= method=POST path=/tags/tagMultiSeries status=404 remote_addr=127.0.0.1 time_ms=11 size=10502 referer=
t=2019-11-04T05:33:13+0000 lvl=info msg="Request Completed" logger=context userId=0 orgId=0 uname= method=POST path=/tags/tagMultiSeries status=404 remote_addr=127.0.0.1 time_ms=13 size=10502 referer=
t=2019-11-04T05:34:13+0000 lvl=info msg="Request Completed" logger=context userId=0 orgId=0 uname= method=POST path=/tags/tagMultiSeries status=404 remote_addr=127.0.0.1 time_ms=7 size=10502 referer=
t=2019-11-04T05:35:14+0000 lvl=info msg="Request Completed" logger=context userId=0 orgId=0 uname= method=POST path=/tags/tagMultiSeries status=404 remote_addr=127.0.0.1 time_ms=14 size=10502 referer=
t=2019-11-04T05:36:13+0000 lvl=info msg="Request Completed" logger=context userId=0 orgId=0 uname= method=POST path=/tags/tagMultiSeries status=404 remote_addr=127.0.0.1 time_ms=11 size=10502 referer=
t=2019-11-04T05:37:14+0000 lvl=info msg="Request Completed" logger=context userId=0 orgId=0 uname= method=POST path=/tags/tagMultiSeries status=404 remote_addr=127.0.0.1 time_ms=7 size=10502 referer=
t=2019-11-04T05:38:13+0000 lvl=info msg="Request Completed" logger=context userId=0 orgId=0 uname= method=POST path=/tags/tagMultiSeries status=404 remote_addr=127.0.0.1 time_ms=10 size=10502 referer=
t=2019-11-04T05:39:03+0000 lvl=info msg="Request Completed" logger=context userId=0 orgId=0 uname= method=POST path=/tags/tagMultiSeries status=404 remote_addr=127.0.0.1 time_ms=9 size=10502 referer=
t=2019-11-04T05:40:04+0000 lvl=info msg="Request Completed" logger=context userId=0 orgId=0 uname= method=POST path=/tags/tagMultiSeries status=404 remote_addr=127.0.0.1 time_ms=6 size=10502 referer=
t=2019-11-04T05:41:04+0000 lvl=info msg="Request Completed" logger=context userId=0 orgId=0 uname= method=POST path=/tags/tagMultiSeries status=404 remote_addr=127.0.0.1 time_ms=13 size=10502 referer=
t=2019-11-04T05:42:03+0000 lvl=info msg="Request Completed" logger=context userId=0 orgId=0 uname= method=POST path=/tags/tagMultiSeries status=404 remote_addr=127.0.0.1 time_ms=10 size=10502 referer=
t=2019-11-04T05:43:03+0000 lvl=info msg="Request Completed" logger=context userId=0 orgId=0 uname= method=POST path=/tags/tagMultiSeries status=404 remote_addr=127.0.0.1 time_ms=12 size=10502 referer=
t=2019-11-04T05:44:03+0000 lvl=info msg="Request Completed" logger=context userId=0 orgId=0 uname= method=POST path=/tags/tagMultiSeries status=404 remote_addr=127.0.0.1 time_ms=9 size=10502 referer=
t=2019-11-04T05:45:03+0000 lvl=info msg="Request Completed" logger=context userId=0 orgId=0 uname= method=POST path=/tags/tagMultiSeries status=404 remote_addr=127.0.0.1 time_ms=7 size=10502 referer=
t=2019-11-04T05:46:04+0000 lvl=info msg="Request Completed" logger=context userId=0 orgId=0 uname= method=POST path=/tags/tagMultiSeries status=404 remote_addr=127.0.0.1 time_ms=10 size=10502 referer=
t=2019-11-04T05:47:03+0000 lvl=info msg="Request Completed" logger=context userId=0 orgId=0 uname= method=POST path=/tags/tagMultiSeries status=404 remote_addr=127.0.0.1 time_ms=9 size=10502 referer=
t=2019-11-04T05:48:03+0000 lvl=info msg="Request Completed" logger=context userId=0 orgId=0 uname= method=POST path=/tags/tagMultiSeries status=404 remote_addr=127.0.0.1 time_ms=10 size=10502 referer=
t=2019-11-04T05:49:03+0000 lvl=info msg="Request Completed" logger=context userId=0 orgId=0 uname= method=POST path=/tags/tagMultiSeries status=404 remote_addr=127.0.0.1 time_ms=12 size=10502 referer=
t=2019-11-04T05:50:03+0000 lvl=info msg="Request Completed" logger=context userId=0 orgId=0 uname= method=POST path=/tags/tagMultiSeries status=404 remote_addr=127.0.0.1 time_ms=13 size=10502 referer=
t=2019-11-04T05:51:03+0000 lvl=info msg="Request Completed" logger=context userId=0 orgId=0 uname= method=POST path=/tags/tagMultiSeries status=404 remote_addr=127.0.0.1 time_ms=7 size=10502 referer=
t=2019-11-04T05:52:03+0000 lvl=info msg="Request Completed" logger=context userId=0 orgId=0 uname= method=POST path=/tags/tagMultiSeries status=404 remote_addr=127.0.0.1 time_ms=13 size=10502 referer=
t=2019-11-04T05:53:04+0000 lvl=info msg="Request Completed" logger=context userId=0 orgId=0 uname= method=POST path=/tags/tagMultiSeries status=404 remote_addr=127.0.0.1 time_ms=10 size=10502 referer=
t=2019-11-04T05:54:03+0000 lvl=info msg="Request Completed" logger=context userId=0 orgId=0 uname= method=POST path=/tags/tagMultiSeries status=404 remote_addr=127.0.0.1 time_ms=9 size=10502 referer=
t=2019-11-04T05:54:53+0000 lvl=info msg="Request Completed" logger=context userId=0 orgId=0 uname= method=POST path=/tags/tagMultiSeries status=404 remote_addr=127.0.0.1 time_ms=11 size=10502 referer=
t=2019-11-04T05:55:53+0000 lvl=info msg="Request Completed" logger=context userId=0 orgId=0 uname= method=POST path=/tags/tagMultiSeries status=404 remote_addr=127.0.0.1 time_ms=11 size=10502 referer=
t=2019-11-04T05:56:53+0000 lvl=info msg="Request Completed" logger=context userId=0 orgId=0 uname= method=POST path=/tags/tagMultiSeries status=404 remote_addr=127.0.0.1 time_ms=10 size=10502 referer=
t=2019-11-04T05:57:53+0000 lvl=info msg="Request Completed" logger=context userId=0 orgId=0 uname= method=POST path=/tags/tagMultiSeries status=404 remote_addr=127.0.0.1 time_ms=13 size=10502 referer=
t=2019-11-04T05:58:53+0000 lvl=info msg="Request Completed" logger=context userId=0 orgId=0 uname= method=POST path=/tags/tagMultiSeries status=404 remote_addr=127.0.0.1 time_ms=14 size=10502 referer=
t=2019-11-04T05:59:53+0000 lvl=info msg="Request Completed" logger=context userId=0 orgId=0 uname= method=POST path=/tags/tagMultiSeries status=404 remote_addr=127.0.0.1 time_ms=12 size=10502 referer=
t=2019-11-04T06:00:53+0000 lvl=info msg="Request Completed" logger=context userId=0 orgId=0 uname= method=POST path=/tags/tagMultiSeries status=404 remote_addr=127.0.0.1 time_ms=21 size=10502 referer=
t=2019-11-04T06:01:43+0000 lvl=info msg="Request Completed" logger=context userId=0 orgId=0 uname= method=POST path=/tags/tagMultiSeries status=404 remote_addr=127.0.0.1 time_ms=12 size=10502 referer=
t=2019-11-04T06:02:43+0000 lvl=info msg="Request Completed" logger=context userId=0 orgId=0 uname= method=POST path=/tags/tagMultiSeries status=404 remote_addr=127.0.0.1 time_ms=9 size=10502 referer=
t=2019-11-04T06:03:43+0000 lvl=info msg="Request Completed" logger=context userId=0 orgId=0 uname= method=POST path=/tags/tagMultiSeries status=404 remote_addr=127.0.0.1 time_ms=28 size=10502 referer=
t=2019-11-04T06:04:43+0000 lvl=info msg="Request Completed" logger=context userId=0 orgId=0 uname= method=POST path=/tags/tagMultiSeries status=404 remote_addr=127.0.0.1 time_ms=37 size=10502 referer=
t=2019-11-04T06:05:43+0000 lvl=info msg="Request Completed" logger=context userId=0 orgId=0 uname= method=POST path=/tags/tagMultiSeries status=404 remote_addr=127.0.0.1 time_ms=7 size=10502 referer=
t=2019-11-04T06:06:43+0000 lvl=info msg="Request Completed" logger=context userId=0 orgId=0 uname= method=POST path=/tags/tagMultiSeries status=404 remote_addr=127.0.0.1 time_ms=8 size=10502 referer=
t=2019-11-04T06:07:43+0000 lvl=info msg="Request Completed" logger=context userId=0 orgId=0 uname= method=POST path=/tags/tagMultiSeries status=404 remote_addr=127.0.0.1 time_ms=11 size=10502 referer=
t=2019-11-04T06:08:33+0000 lvl=info msg="Request Completed" logger=context userId=0 orgId=0 uname= method=POST path=/tags/tagMultiSeries status=404 remote_addr=127.0.0.1 time_ms=13 size=10502 referer=
t=2019-11-04T06:09:33+0000 lvl=info msg="Request Completed" logger=context userId=0 orgId=0 uname= method=POST path=/tags/tagMultiSeries status=404 remote_addr=127.0.0.1 time_ms=13 size=10502 referer=
t=2019-11-04T06:10:33+0000 lvl=info msg="Request Completed" logger=context userId=0 orgId=0 uname= method=POST path=/tags/tagMultiSeries status=404 remote_addr=127.0.0.1 time_ms=9 size=10502 referer=
t=2019-11-04T06:11:34+0000 lvl=info msg="Request Completed" logger=context userId=0 orgId=0 uname= method=POST path=/tags/tagMultiSeries status=404 remote_addr=127.0.0.1 time_ms=9 size=10502 referer=
t=2019-11-04T06:12:33+0000 lvl=info msg="Request Completed" logger=context userId=0 orgId=0 uname= method=POST path=/tags/tagMultiSeries status=404 remote_addr=127.0.0.1 time_ms=11 size=10502 referer=
t=2019-11-04T06:13:34+0000 lvl=info msg="Request Completed" logger=context userId=0 orgId=0 uname= method=POST path=/tags/tagMultiSeries status=404 remote_addr=127.0.0.1 time_ms=10 size=10502 referer=
t=2019-11-04T06:14:23+0000 lvl=info msg="Request Completed" logger=context userId=0 orgId=0 uname= method=POST path=/tags/tagMultiSeries status=404 remote_addr=127.0.0.1 time_ms=75 size=10502 referer=
t=2019-11-04T06:15:23+0000 lvl=info msg="Request Completed" logger=context userId=0 orgId=0 uname= method=POST path=/tags/tagMultiSeries status=404 remote_addr=127.0.0.1 time_ms=9 size=10502 referer=
t=2019-11-04T06:16:23+0000 lvl=info msg="Request Completed" logger=context userId=0 orgId=0 uname= method=POST path=/tags/tagMultiSeries status=404 remote_addr=127.0.0.1 time_ms=9 size=10502 referer=
t=2019-11-04T06:17:24+0000 lvl=info msg="Request Completed" logger=context userId=0 orgId=0 uname= method=POST path=/tags/tagMultiSeries status=404 remote_addr=127.0.0.1 time_ms=21 size=10502 referer=
t=2019-11-04T06:18:23+0000 lvl=info msg="Request Completed" logger=context userId=0 orgId=0 uname= method=POST path=/tags/tagMultiSeries status=404 remote_addr=127.0.0.1 time_ms=11 size=10502 referer=
t=2019-11-04T06:19:24+0000 lvl=info msg="Request Completed" logger=context userId=0 orgId=0 uname= method=POST path=/tags/tagMultiSeries status=404 remote_addr=127.0.0.1 time_ms=34 size=10502 referer=
t=2019-11-04T06:20:23+0000 lvl=info msg="Request Completed" logger=context userId=0 orgId=0 uname= method=POST path=/tags/tagMultiSeries status=404 remote_addr=127.0.0.1 time_ms=9 size=10502 referer=
t=2019-11-04T06:21:14+0000 lvl=info msg="Request Completed" logger=context userId=0 orgId=0 uname= method=POST path=/tags/tagMultiSeries status=404 remote_addr=127.0.0.1 time_ms=20 size=10502 referer=
t=2019-11-04T06:22:13+0000 lvl=info msg="Request Completed" logger=context userId=0 orgId=0 uname= method=POST path=/tags/tagMultiSeries status=404 remote_addr=127.0.0.1 time_ms=11 size=10502 referer=
t=2019-11-04T06:23:13+0000 lvl=info msg="Request Completed" logger=context userId=0 orgId=0 uname= method=POST path=/tags/tagMultiSeries status=404 remote_addr=127.0.0.1 time_ms=10 size=10502 referer=
t=2019-11-04T06:24:03+0000 lvl=info msg="Request Completed" logger=context userId=0 orgId=0 uname= method=POST path=/tags/tagMultiSeries status=404 remote_addr=127.0.0.1 time_ms=9 size=10502 referer=
t=2019-11-04T06:25:04+0000 lvl=info msg="Request Completed" logger=context userId=0 orgId=0 uname= method=POST path=/tags/tagMultiSeries status=404 remote_addr=127.0.0.1 time_ms=14 size=10502 referer=
t=2019-11-04T06:25:46+0000 lvl=info msg="Request Completed" logger=context userId=0 orgId=0 uname= method=POST path=/tags/tagMultiSeries status=404 remote_addr=127.0.0.1 time_ms=9 size=10502 referer=
t=2019-11-04T06:25:46+0000 lvl=info msg="Request Completed" logger=context userId=0 orgId=0 uname= method=POST path=/tags/tagMultiSeries status=404 remote_addr=127.0.0.1 time_ms=13 size=10502 referer=
t=2019-11-04T06:25:46+0000 lvl=info msg="Request Completed" logger=context userId=0 orgId=0 uname= method=POST path=/tags/tagMultiSeries status=404 remote_addr=127.0.0.1 time_ms=11 size=10502 referer=
t=2019-11-04T06:25:47+0000 lvl=info msg="Request Completed" logger=context userId=0 orgId=0 uname= method=POST path=/tags/tagMultiSeries status=404 remote_addr=127.0.0.1 time_ms=10 size=10502 referer=
t=2019-11-04T06:25:56+0000 lvl=info msg="Request Completed" logger=context userId=0 orgId=0 uname= method=POST path=/tags/tagMultiSeries status=404 remote_addr=127.0.0.1 time_ms=11 size=10502 referer=
t=2019-11-04T06:25:56+0000 lvl=info msg="Request Completed" logger=context userId=0 orgId=0 uname= method=POST path=/tags/tagMultiSeries status=404 remote_addr=127.0.0.1 time_ms=13 size=10502 referer=
t=2019-11-04T06:25:56+0000 lvl=info msg="Request Completed" logger=context userId=0 orgId=0 uname= method=POST path=/tags/tagMultiSeries status=404 remote_addr=127.0.0.1 time_ms=10 size=10502 referer=
t=2019-11-04T06:25:56+0000 lvl=info msg="Request Completed" logger=context userId=0 orgId=0 uname= method=POST path=/tags/tagMultiSeries status=404 remote_addr=127.0.0.1 time_ms=10 size=10502 referer=
t=2019-11-04T06:25:56+0000 lvl=info msg="Request Completed" logger=context userId=0 orgId=0 uname= method=POST path=/tags/tagMultiSeries status=404 remote_addr=127.0.0.1 time_ms=12 size=10502 referer=
t=2019-11-04T06:25:56+0000 lvl=info msg="Request Completed" logger=context userId=0 orgId=0 uname= method=POST path=/tags/tagMultiSeries status=404 remote_addr=127.0.0.1 time_ms=12 size=10502 referer=
t=2019-11-04T06:25:56+0000 lvl=info msg="Request Completed" logger=context userId=0 orgId=0 uname= method=POST path=/tags/tagMultiSeries status=404 remote_addr=127.0.0.1 time_ms=8 size=10502 referer=
t=2019-11-04T06:25:56+0000 lvl=info msg="Request Completed" logger=context userId=0 orgId=0 uname= method=POST path=/tags/tagMultiSeries status=404 remote_addr=127.0.0.1 time_ms=10 size=10502 referer=
t=2019-11-04T06:25:57+0000 lvl=info msg="Request Completed" logger=context userId=0 orgId=0 uname= method=POST path=/tags/tagMultiSeries status=404 remote_addr=127.0.0.1 time_ms=15 size=10502 referer=
t=2019-11-04T06:25:57+0000 lvl=info msg="Request Completed" logger=context userId=0 orgId=0 uname= method=POST path=/tags/tagMultiSeries status=404 remote_addr=127.0.0.1 time_ms=11 size=10502 referer=
t=2019-11-04T06:25:57+0000 lvl=info msg="Request Completed" logger=context userId=0 orgId=0 uname= method=POST path=/tags/tagMultiSeries status=404 remote_addr=127.0.0.1 time_ms=9 size=10502 referer=
t=2019-11-04T06:25:57+0000 lvl=info msg="Request Completed" logger=context userId=0 orgId=0 uname= method=POST path=/tags/tagMultiSeries status=404 remote_addr=127.0.0.1 time_ms=10 size=10502 referer=
t=2019-11-04T06:26:06+0000 lvl=info msg="Request Completed" logger=context userId=0 orgId=0 uname= method=POST path=/tags/tagMultiSeries status=404 remote_addr=127.0.0.1 time_ms=13 size=10502 referer=
t=2019-11-04T06:26:06+0000 lvl=info msg="Request Completed" logger=context userId=0 orgId=0 uname= method=POST path=/tags/tagMultiSeries status=404 remote_addr=127.0.0.1 time_ms=10 size=10502 referer=
t=2019-11-04T06:26:15+0000 lvl=info msg="Request Completed" logger=context userId=0 orgId=0 uname= method=POST path=/tags/tagMultiSeries status=404 remote_addr=127.0.0.1 time_ms=9 size=10502 referer=
t=2019-11-04T06:26:15+0000 lvl=info msg="Request Completed" logger=context userId=0 orgId=0 uname= method=POST path=/tags/tagMultiSeries status=404 remote_addr=127.0.0.1 time_ms=8 size=10502 referer=
t=2019-11-04T06:26:16+0000 lvl=info msg="Request Completed" logger=context userId=0 orgId=0 uname= method=POST path=/tags/tagMultiSeries status=404 remote_addr=127.0.0.1 time_ms=9 size=10502 referer=
t=2019-11-04T06:26:16+0000 lvl=info msg="Request Completed" logger=context userId=0 orgId=0 uname= method=POST path=/tags/tagMultiSeries status=404 remote_addr=127.0.0.1 time_ms=7 size=10502 referer=
t=2019-11-04T06:26:16+0000 lvl=info msg="Request Completed" logger=context userId=0 orgId=0 uname= method=POST path=/tags/tagMultiSeries status=404 remote_addr=127.0.0.1 time_ms=8 size=10502 referer=
t=2019-11-04T06:26:36+0000 lvl=info msg="Request Completed" logger=context userId=0 orgId=0 uname= method=POST path=/tags/tagMultiSeries status=404 remote_addr=127.0.0.1 time_ms=10 size=10502 referer=
t=2019-11-04T06:26:45+0000 lvl=info msg="Request Completed" logger=context userId=0 orgId=0 uname= method=POST path=/tags/tagMultiSeries status=404 remote_addr=127.0.0.1 time_ms=14 size=10502 referer=
t=2019-11-04T06:26:56+0000 lvl=info msg="Request Completed" logger=context userId=0 orgId=0 uname= method=POST path=/tags/tagMultiSeries status=404 remote_addr=127.0.0.1 time_ms=12 size=10502 referer=
t=2019-11-04T06:27:06+0000 lvl=info msg="Request Completed" logger=context userId=0 orgId=0 uname= method=POST path=/tags/tagMultiSeries status=404 remote_addr=127.0.0.1 time_ms=9 size=10502 referer=
t=2019-11-04T06:27:15+0000 lvl=info msg="Request Completed" logger=context userId=0 orgId=0 uname= method=POST path=/tags/tagMultiSeries status=404 remote_addr=127.0.0.1 time_ms=11 size=10502 referer=
t=2019-11-04T06:27:26+0000 lvl=info msg="Request Completed" logger=context userId=0 orgId=0 uname= method=POST path=/tags/tagMultiSeries status=404 remote_addr=127.0.0.1 time_ms=13 size=10502 referer=
t=2019-11-04T06:27:41+0000 lvl=info msg="Request Completed" logger=context userId=0 orgId=0 uname= method=POST path=/tags/tagMultiSeries status=404 remote_addr=127.0.0.1 time_ms=9 size=10502 referer=
t=2019-11-04T06:27:55+0000 lvl=info msg="Request Completed" logger=context userId=0 orgId=0 uname= method=POST path=/tags/tagMultiSeries status=404 remote_addr=127.0.0.1 time_ms=24 size=10502 referer=
t=2019-11-04T06:28:04+0000 lvl=info msg="Request Completed" logger=context userId=0 orgId=0 uname= method=POST path=/tags/tagMultiSeries status=404 remote_addr=127.0.0.1 time_ms=10 size=10502 referer=
t=2019-11-04T06:28:16+0000 lvl=info msg="Request Completed" logger=context userId=0 orgId=0 uname= method=POST path=/tags/tagMultiSeries status=404 remote_addr=127.0.0.1 time_ms=9 size=10502 referer=
t=2019-11-04T06:28:25+0000 lvl=info msg="Request Completed" logger=context userId=0 orgId=0 uname= method=POST path=/tags/tagMultiSeries status=404 remote_addr=127.0.0.1 time_ms=12 size=10502 referer=
t=2019-11-04T06:28:36+0000 lvl=info msg="Request Completed" logger=context userId=0 orgId=0 uname= method=POST path=/tags/tagMultiSeries status=404 remote_addr=127.0.0.1 time_ms=7 size=10502 referer=
t=2019-11-04T06:28:53+0000 lvl=info msg="Request Completed" logger=context userId=0 orgId=0 uname= method=POST path=/tags/tagMultiSeries status=404 remote_addr=127.0.0.1 time_ms=10 size=10502 referer=
t=2019-11-04T06:29:53+0000 lvl=info msg="Request Completed" logger=context userId=0 orgId=0 uname= method=POST path=/tags/tagMultiSeries status=404 remote_addr=127.0.0.1 time_ms=8 size=10502 referer=
t=2019-11-04T06:30:53+0000 lvl=info msg="Request Completed" logger=context userId=0 orgId=0 uname= method=POST path=/tags/tagMultiSeries status=404 remote_addr=127.0.0.1 time_ms=8 size=10502 referer=
t=2019-11-04T06:31:53+0000 lvl=info msg="Request Completed" logger=context userId=0 orgId=0 uname= method=POST path=/tags/tagMultiSeries status=404 remote_addr=127.0.0.1 time_ms=9 size=10502 referer=
t=2019-11-04T06:32:53+0000 lvl=info msg="Request Completed" logger=context userId=0 orgId=0 uname= method=POST path=/tags/tagMultiSeries status=404 remote_addr=127.0.0.1 time_ms=11 size=10502 referer=
t=2019-11-04T06:33:43+0000 lvl=info msg="Request Completed" logger=context userId=0 orgId=0 uname= method=POST path=/tags/tagMultiSeries status=404 remote_addr=127.0.0.1 time_ms=11 size=10502 referer=
t=2019-11-04T06:34:43+0000 lvl=info msg="Request Completed" logger=context userId=0 orgId=0 uname= method=POST path=/tags/tagMultiSeries status=404 remote_addr=127.0.0.1 time_ms=10 size=10502 referer=
t=2019-11-04T06:35:43+0000 lvl=info msg="Request Completed" logger=context userId=0 orgId=0 uname= method=POST path=/tags/tagMultiSeries status=404 remote_addr=127.0.0.1 time_ms=12 size=10502 referer=
t=2019-11-04T06:36:43+0000 lvl=info msg="Request Completed" logger=context userId=0 orgId=0 uname= method=POST path=/tags/tagMultiSeries status=404 remote_addr=127.0.0.1 time_ms=28 size=10502 referer=
t=2019-11-04T06:37:44+0000 lvl=info msg="Request Completed" logger=context userId=0 orgId=0 uname= method=POST path=/tags/tagMultiSeries status=404 remote_addr=127.0.0.1 time_ms=14 size=10502 referer=
t=2019-11-04T06:38:43+0000 lvl=info msg="Request Completed" logger=context userId=0 orgId=0 uname= method=POST path=/tags/tagMultiSeries status=404 remote_addr=127.0.0.1 time_ms=12 size=10502 referer=
t=2019-11-04T06:39:33+0000 lvl=info msg="Request Completed" logger=context userId=0 orgId=0 uname= method=POST path=/tags/tagMultiSeries status=404 remote_addr=127.0.0.1 time_ms=10 size=10502 referer=
t=2019-11-04T06:40:33+0000 lvl=info msg="Request Completed" logger=context userId=0 orgId=0 uname= method=POST path=/tags/tagMultiSeries status=404 remote_addr=127.0.0.1 time_ms=10 size=10502 referer=
t=2019-11-04T06:41:33+0000 lvl=info msg="Request Completed" logger=context userId=0 orgId=0 uname= method=POST path=/tags/tagMultiSeries status=404 remote_addr=127.0.0.1 time_ms=10 size=10502 referer=
t=2019-11-04T06:42:34+0000 lvl=info msg="Request Completed" logger=context userId=0 orgId=0 uname= method=POST path=/tags/tagMultiSeries status=404 remote_addr=127.0.0.1 time_ms=10 size=10502 referer=
t=2019-11-04T06:43:23+0000 lvl=info msg="Request Completed" logger=context userId=0 orgId=0 uname= method=POST path=/tags/tagMultiSeries status=404 remote_addr=127.0.0.1 time_ms=10 size=10502 referer=
t=2019-11-04T06:44:24+0000 lvl=info msg="Request Completed" logger=context userId=0 orgId=0 uname= method=POST path=/tags/tagMultiSeries status=404 remote_addr=127.0.0.1 time_ms=7 size=10502 referer=
t=2019-11-04T06:45:23+0000 lvl=info msg="Request Completed" logger=context userId=0 orgId=0 uname= method=POST path=/tags/tagMultiSeries status=404 remote_addr=127.0.0.1 time_ms=12 size=10502 referer=
t=2019-11-04T06:46:24+0000 lvl=info msg="Request Completed" logger=context userId=0 orgId=0 uname= method=POST path=/tags/tagMultiSeries status=404 remote_addr=127.0.0.1 time_ms=11 size=10502 referer=
t=2019-11-04T06:47:23+0000 lvl=info msg="Request Completed" logger=context userId=0 orgId=0 uname= method=POST path=/tags/tagMultiSeries status=404 remote_addr=127.0.0.1 time_ms=11 size=10502 referer=
t=2019-11-04T06:48:23+0000 lvl=info msg="Request Completed" logger=context userId=0 orgId=0 uname= method=POST path=/tags/tagMultiSeries status=404 remote_addr=127.0.0.1 time_ms=9 size=10502 referer=
t=2019-11-04T06:49:23+0000 lvl=info msg="Request Completed" logger=context userId=0 orgId=0 uname= method=POST path=/tags/tagMultiSeries status=404 remote_addr=127.0.0.1 time_ms=56 size=10502 referer=
t=2019-11-04T06:50:13+0000 lvl=info msg="Request Completed" logger=context userId=0 orgId=0 uname= method=POST path=/tags/tagMultiSeries status=404 remote_addr=127.0.0.1 time_ms=11 size=10502 referer=
t=2019-11-04T06:51:13+0000 lvl=info msg="Request Completed" logger=context userId=0 orgId=0 uname= method=POST path=/tags/tagMultiSeries status=404 remote_addr=127.0.0.1 time_ms=42 size=10502 referer=
t=2019-11-04T06:52:13+0000 lvl=info msg="Request Completed" logger=context userId=0 orgId=0 uname= method=POST path=/tags/tagMultiSeries status=404 remote_addr=127.0.0.1 time_ms=9 size=10502 referer=
t=2019-11-04T06:53:13+0000 lvl=info msg="Request Completed" logger=context userId=0 orgId=0 uname= method=POST path=/tags/tagMultiSeries status=404 remote_addr=127.0.0.1 time_ms=9 size=10502 referer=
t=2019-11-04T06:54:13+0000 lvl=info msg="Request Completed" logger=context userId=0 orgId=0 uname= method=POST path=/tags/tagMultiSeries status=404 remote_addr=127.0.0.1 time_ms=8 size=10502 referer=
t=2019-11-04T06:55:13+0000 lvl=info msg="Request Completed" logger=context userId=0 orgId=0 uname= method=POST path=/tags/tagMultiSeries status=404 remote_addr=127.0.0.1 time_ms=8 size=10502 referer=
t=2019-11-04T06:56:13+0000 lvl=info msg="Request Completed" logger=context userId=0 orgId=0 uname= method=POST path=/tags/tagMultiSeries status=404 remote_addr=127.0.0.1 time_ms=9 size=10502 referer=
t=2019-11-04T06:57:03+0000 lvl=info msg="Request Completed" logger=context userId=0 orgId=0 uname= method=POST path=/tags/tagMultiSeries status=404 remote_addr=127.0.0.1 time_ms=10 size=10502 referer=
t=2019-11-04T06:58:04+0000 lvl=info msg="Request Completed" logger=context userId=0 orgId=0 uname= method=POST path=/tags/tagMultiSeries status=404 remote_addr=127.0.0.1 time_ms=12 size=10502 referer=
t=2019-11-04T06:59:03+0000 lvl=info msg="Request Completed" logger=context userId=0 orgId=0 uname= method=POST path=/tags/tagMultiSeries status=404 remote_addr=127.0.0.1 time_ms=10 size=10502 referer=
t=2019-11-04T07:00:03+0000 lvl=info msg="Request Completed" logger=context userId=0 orgId=0 uname= method=POST path=/tags/tagMultiSeries status=404 remote_addr=127.0.0.1 time_ms=40 size=10502 referer=
t=2019-11-04T07:01:03+0000 lvl=info msg="Request Completed" logger=context userId=0 orgId=0 uname= method=POST path=/tags/tagMultiSeries status=404 remote_addr=127.0.0.1 time_ms=11 size=10502 referer=
t=2019-11-04T07:02:03+0000 lvl=info msg="Request Completed" logger=context userId=0 orgId=0 uname= method=POST path=/tags/tagMultiSeries status=404 remote_addr=127.0.0.1 time_ms=11 size=10502 referer=
t=2019-11-04T07:03:04+0000 lvl=info msg="Request Completed" logger=context userId=0 orgId=0 uname= method=POST path=/tags/tagMultiSeries status=404 remote_addr=127.0.0.1 time_ms=9 size=10502 referer=
t=2019-11-04T07:04:03+0000 lvl=info msg="Request Completed" logger=context userId=0 orgId=0 uname= method=POST path=/tags/tagMultiSeries status=404 remote_addr=127.0.0.1 time_ms=9 size=10502 referer=
t=2019-11-04T07:05:03+0000 lvl=info msg="Request Completed" logger=context userId=0 orgId=0 uname= method=POST path=/tags/tagMultiSeries status=404 remote_addr=127.0.0.1 time_ms=9 size=10502 referer=
t=2019-11-04T07:06:03+0000 lvl=info msg="Request Completed" logger=context userId=0 orgId=0 uname= method=POST path=/tags/tagMultiSeries status=404 remote_addr=127.0.0.1 time_ms=8 size=10502 referer=
t=2019-11-04T07:07:03+0000 lvl=info msg="Request Completed" logger=context userId=0 orgId=0 uname= method=POST path=/tags/tagMultiSeries status=404 remote_addr=127.0.0.1 time_ms=10 size=10502 referer=
t=2019-11-04T07:08:03+0000 lvl=info msg="Request Completed" logger=context userId=0 orgId=0 uname= method=POST path=/tags/tagMultiSeries status=404 remote_addr=127.0.0.1 time_ms=11 size=10502 referer=
t=2019-11-04T07:09:03+0000 lvl=info msg="Request Completed" logger=context userId=0 orgId=0 uname= method=POST path=/tags/tagMultiSeries status=404 remote_addr=127.0.0.1 time_ms=10 size=10502 referer=
t=2019-11-04T07:09:53+0000 lvl=info msg="Request Completed" logger=context userId=0 orgId=0 uname= method=POST path=/tags/tagMultiSeries status=404 remote_addr=127.0.0.1 time_ms=9 size=10502 referer=
t=2019-11-04T07:10:53+0000 lvl=info msg="Request Completed" logger=context userId=0 orgId=0 uname= method=POST path=/tags/tagMultiSeries status=404 remote_addr=127.0.0.1 time_ms=10 size=10502 referer=
t=2019-11-04T07:11:54+0000 lvl=info msg="Request Completed" logger=context userId=0 orgId=0 uname= method=POST path=/tags/tagMultiSeries status=404 remote_addr=127.0.0.1 time_ms=8 size=10502 referer=
t=2019-11-04T07:12:53+0000 lvl=info msg="Request Completed" logger=context userId=0 orgId=0 uname= method=POST path=/tags/tagMultiSeries status=404 remote_addr=127.0.0.1 time_ms=10 size=10502 referer=
t=2019-11-04T07:13:53+0000 lvl=info msg="Request Completed" logger=context userId=0 orgId=0 uname= method=POST path=/tags/tagMultiSeries status=404 remote_addr=127.0.0.1 time_ms=11 size=10502 referer=
t=2019-11-04T07:14:54+0000 lvl=info msg="Request Completed" logger=context userId=0 orgId=0 uname= method=POST path=/tags/tagMultiSeries status=404 remote_addr=127.0.0.1 time_ms=10 size=10502 referer=
t=2019-11-04T07:15:43+0000 lvl=info msg="Request Completed" logger=context userId=0 orgId=0 uname= method=POST path=/tags/tagMultiSeries status=404 remote_addr=127.0.0.1 time_ms=9 size=10502 referer=
t=2019-11-04T07:16:43+0000 lvl=info msg="Request Completed" logger=context userId=0 orgId=0 uname= method=POST path=/tags/tagMultiSeries status=404 remote_addr=127.0.0.1 time_ms=8 size=10502 referer=
t=2019-11-04T07:17:43+0000 lvl=info msg="Request Completed" logger=context userId=0 orgId=0 uname= method=POST path=/tags/tagMultiSeries status=404 remote_addr=127.0.0.1 time_ms=9 size=10502 referer=
t=2019-11-04T07:18:43+0000 lvl=info msg="Request Completed" logger=context userId=0 orgId=0 uname= method=POST path=/tags/tagMultiSeries status=404 remote_addr=127.0.0.1 time_ms=11 size=10502 referer=
t=2019-11-04T07:19:33+0000 lvl=info msg="Request Completed" logger=context userId=0 orgId=0 uname= method=POST path=/tags/tagMultiSeries status=404 remote_addr=127.0.0.1 time_ms=10 size=10502 referer=
t=2019-11-05T01:25:02+0000 lvl=info msg="Starting Grafana" logger=server version=5.2.2 commit=aeaf7b2 compiled=2018-07-25T11:17:28+0000
t=2019-11-05T01:25:02+0000 lvl=info msg="Config loaded from" logger=settings file=/opt/grafana/conf/defaults.ini
t=2019-11-05T01:25:02+0000 lvl=info msg="Config loaded from" logger=settings file=/opt/grafana/conf/custom.ini
t=2019-11-05T01:25:02+0000 lvl=info msg="Path Home" logger=settings path=/opt/grafana
t=2019-11-05T01:25:02+0000 lvl=info msg="Path Data" logger=settings path=/opt/grafana/data
t=2019-11-05T01:25:02+0000 lvl=info msg="Path Logs" logger=settings path=/opt/grafana/data/log
t=2019-11-05T01:25:02+0000 lvl=info msg="Path Plugins" logger=settings path=/opt/grafana/data/plugins
t=2019-11-05T01:25:02+0000 lvl=info msg="Path Provisioning" logger=settings path=/opt/grafana/conf/provisioning
t=2019-11-05T01:25:02+0000 lvl=info msg="App mode production" logger=settings
t=2019-11-05T01:25:02+0000 lvl=info msg="Initializing SqlStore" logger=server
t=2019-11-05T01:25:02+0000 lvl=info msg="Connecting to DB" logger=sqlstore dbtype=sqlite3
t=2019-11-05T01:25:02+0000 lvl=info msg="Starting DB migration" logger=migrator
t=2019-11-05T01:25:02+0000 lvl=info msg="Initializing SearchService" logger=server
t=2019-11-05T01:25:02+0000 lvl=info msg="Initializing PluginManager" logger=server
t=2019-11-05T01:25:02+0000 lvl=info msg="Starting plugin search" logger=plugins
t=2019-11-05T01:25:02+0000 lvl=info msg="Initializing InternalMetricsService" logger=server
t=2019-11-05T01:25:02+0000 lvl=info msg="Initializing AlertingService" logger=server
t=2019-11-05T01:25:02+0000 lvl=info msg="Initializing HTTPServer" logger=server
t=2019-11-05T01:25:02+0000 lvl=info msg="Initializing CleanUpService" logger=server
t=2019-11-05T01:25:02+0000 lvl=info msg="Initializing NotificationService" logger=server
t=2019-11-05T01:25:02+0000 lvl=info msg="Initializing ProvisioningService" logger=server
t=2019-11-05T01:25:02+0000 lvl=info msg="Initializing RenderingService" logger=server
t=2019-11-05T01:25:02+0000 lvl=info msg="Initializing TracingService" logger=server
t=2019-11-05T01:25:02+0000 lvl=info msg="Initializing Stream Manager"
t=2019-11-05T01:25:02+0000 lvl=info msg="HTTP Server Listen" logger=http.server address=0.0.0.0:3000 protocol=http subUrl= socket=
t=2019-11-05T01:25:10+0000 lvl=info msg="Request Completed" logger=context userId=0 orgId=0 uname= method=POST path=/tags/tagMultiSeries status=404 remote_addr=127.0.0.1 time_ms=12 size=10502 referer=
t=2019-11-05T01:25:14+0000 lvl=info msg="Request Completed" logger=context userId=1 orgId=1 uname=admin method=POST path=/api/dashboards/db/ status=412 remote_addr=127.0.0.1 time_ms=26 size=88 referer=
t=2019-11-05T01:25:20+0000 lvl=info msg="Request Completed" logger=context userId=0 orgId=0 uname= method=POST path=/tags/tagMultiSeries status=404 remote_addr=127.0.0.1 time_ms=12 size=10502 referer=
t=2019-11-05T01:25:20+0000 lvl=info msg="Request Completed" logger=context userId=0 orgId=0 uname= method=POST path=/tags/tagMultiSeries status=404 remote_addr=127.0.0.1 time_ms=10 size=10502 referer=
t=2019-11-05T01:25:20+0000 lvl=info msg="Request Completed" logger=context userId=0 orgId=0 uname= method=POST path=/tags/tagMultiSeries status=404 remote_addr=127.0.0.1 time_ms=14 size=10502 referer=
t=2019-11-05T01:25:20+0000 lvl=info msg="Request Completed" logger=context userId=0 orgId=0 uname= method=POST path=/tags/tagMultiSeries status=404 remote_addr=127.0.0.1 time_ms=7 size=10502 referer=
t=2019-11-05T01:25:21+0000 lvl=info msg="Request Completed" logger=context userId=0 orgId=0 uname= method=POST path=/tags/tagMultiSeries status=404 remote_addr=127.0.0.1 time_ms=8 size=10502 referer=
t=2019-11-05T01:25:21+0000 lvl=info msg="Request Completed" logger=context userId=0 orgId=0 uname= method=POST path=/tags/tagMultiSeries status=404 remote_addr=127.0.0.1 time_ms=11 size=10502 referer=
t=2019-11-05T01:25:21+0000 lvl=info msg="Request Completed" logger=context userId=0 orgId=0 uname= method=POST path=/tags/tagMultiSeries status=404 remote_addr=127.0.0.1 time_ms=11 size=10502 referer=
t=2019-11-05T01:25:21+0000 lvl=info msg="Request Completed" logger=context userId=0 orgId=0 uname= method=POST path=/tags/tagMultiSeries status=404 remote_addr=127.0.0.1 time_ms=13 size=10502 referer=
t=2019-11-05T01:25:21+0000 lvl=info msg="Request Completed" logger=context userId=0 orgId=0 uname= method=POST path=/tags/tagMultiSeries status=404 remote_addr=127.0.0.1 time_ms=13 size=10502 referer=
t=2019-11-05T01:25:21+0000 lvl=info msg="Request Completed" logger=context userId=0 orgId=0 uname= method=POST path=/tags/tagMultiSeries status=404 remote_addr=127.0.0.1 time_ms=12 size=10502 referer=
t=2019-11-05T01:25:21+0000 lvl=info msg="Request Completed" logger=context userId=0 orgId=0 uname= method=POST path=/tags/tagMultiSeries status=404 remote_addr=127.0.0.1 time_ms=9 size=10502 referer=
t=2019-11-05T01:25:22+0000 lvl=info msg="Request Completed" logger=context userId=0 orgId=0 uname= method=POST path=/tags/tagMultiSeries status=404 remote_addr=127.0.0.1 time_ms=16 size=10502 referer=
t=2019-11-05T01:25:31+0000 lvl=info msg="Request Completed" logger=context userId=0 orgId=0 uname= method=POST path=/tags/tagMultiSeries status=404 remote_addr=127.0.0.1 time_ms=17 size=10502 referer=
t=2019-11-05T01:25:31+0000 lvl=info msg="Request Completed" logger=context userId=0 orgId=0 uname= method=POST path=/tags/tagMultiSeries status=404 remote_addr=127.0.0.1 time_ms=13 size=10502 referer=
t=2019-11-05T01:25:40+0000 lvl=info msg="Request Completed" logger=context userId=0 orgId=0 uname= method=POST path=/tags/tagMultiSeries status=404 remote_addr=127.0.0.1 time_ms=11 size=10502 referer=
t=2019-11-05T01:25:51+0000 lvl=info msg="Request Completed" logger=context userId=0 orgId=0 uname= method=POST path=/tags/tagMultiSeries status=404 remote_addr=127.0.0.1 time_ms=8 size=10502 referer=
t=2019-11-05T01:25:52+0000 lvl=info msg="Request Completed" logger=context userId=0 orgId=0 uname= method=POST path=/tags/tagMultiSeries status=404 remote_addr=127.0.0.1 time_ms=12 size=10502 referer=
t=2019-11-05T01:26:00+0000 lvl=info msg="Request Completed" logger=context userId=0 orgId=0 uname= method=POST path=/tags/tagMultiSeries status=404 remote_addr=127.0.0.1 time_ms=10 size=10502 referer=
t=2019-11-05T01:26:02+0000 lvl=info msg="Request Completed" logger=context userId=0 orgId=0 uname= method=POST path=/tags/tagMultiSeries status=404 remote_addr=127.0.0.1 time_ms=8 size=10502 referer=
t=2019-11-05T01:26:03+0000 lvl=info msg="Request Completed" logger=context userId=0 orgId=0 uname= method=POST path=/tags/tagMultiSeries status=404 remote_addr=127.0.0.1 time_ms=10 size=10502 referer=
t=2019-11-05T01:26:03+0000 lvl=info msg="Request Completed" logger=context userId=0 orgId=0 uname= method=POST path=/tags/tagMultiSeries status=404 remote_addr=127.0.0.1 time_ms=9 size=10502 referer=
t=2019-11-05T01:26:11+0000 lvl=info msg="Request Completed" logger=context userId=0 orgId=0 uname= method=POST path=/tags/tagMultiSeries status=404 remote_addr=127.0.0.1 time_ms=8 size=10502 referer=
t=2019-11-05T01:26:20+0000 lvl=info msg="Request Completed" logger=context userId=0 orgId=0 uname= method=POST path=/tags/tagMultiSeries status=404 remote_addr=127.0.0.1 time_ms=9 size=10502 referer=
t=2019-11-05T01:26:22+0000 lvl=info msg="Request Completed" logger=context userId=0 orgId=0 uname= method=POST path=/tags/tagMultiSeries status=404 remote_addr=127.0.0.1 time_ms=12 size=10502 referer=
t=2019-11-05T01:27:22+0000 lvl=info msg="Request Completed" logger=context userId=0 orgId=0 uname= method=POST path=/tags/tagMultiSeries status=404 remote_addr=127.0.0.1 time_ms=10 size=10502 referer=
t=2019-11-05T01:28:22+0000 lvl=info msg="Request Completed" logger=context userId=0 orgId=0 uname= method=POST path=/tags/tagMultiSeries status=404 remote_addr=127.0.0.1 time_ms=13 size=10502 referer=
t=2019-11-05T01:29:22+0000 lvl=info msg="Request Completed" logger=context userId=0 orgId=0 uname= method=POST path=/tags/tagMultiSeries status=404 remote_addr=127.0.0.1 time_ms=13 size=10502 referer=
t=2019-11-05T01:30:22+0000 lvl=info msg="Request Completed" logger=context userId=0 orgId=0 uname= method=POST path=/tags/tagMultiSeries status=404 remote_addr=127.0.0.1 time_ms=8 size=10502 referer=
t=2019-11-05T01:31:12+0000 lvl=info msg="Request Completed" logger=context userId=0 orgId=0 uname= method=POST path=/tags/tagMultiSeries status=404 remote_addr=127.0.0.1 time_ms=11 size=10502 referer=
t=2019-11-05T01:32:12+0000 lvl=info msg="Request Completed" logger=context userId=0 orgId=0 uname= method=POST path=/tags/tagMultiSeries status=404 remote_addr=127.0.0.1 time_ms=11 size=10502 referer=
t=2019-11-05T01:33:12+0000 lvl=info msg="Request Completed" logger=context userId=0 orgId=0 uname= method=POST path=/tags/tagMultiSeries status=404 remote_addr=127.0.0.1 time_ms=10 size=10502 referer=
t=2019-11-05T01:34:12+0000 lvl=info msg="Request Completed" logger=context userId=0 orgId=0 uname= method=POST path=/tags/tagMultiSeries status=404 remote_addr=127.0.0.1 time_ms=9 size=10502 referer=
t=2019-11-05T01:35:12+0000 lvl=info msg="Request Completed" logger=context userId=0 orgId=0 uname= method=POST path=/tags/tagMultiSeries status=404 remote_addr=127.0.0.1 time_ms=9 size=10502 referer=
t=2019-11-05T01:36:12+0000 lvl=info msg="Request Completed" logger=context userId=0 orgId=0 uname= method=POST path=/tags/tagMultiSeries status=404 remote_addr=127.0.0.1 time_ms=10 size=10502 referer=
t=2019-11-05T01:37:13+0000 lvl=info msg="Request Completed" logger=context userId=0 orgId=0 uname= method=POST path=/tags/tagMultiSeries status=404 remote_addr=127.0.0.1 time_ms=13 size=10502 referer=
t=2019-11-05T01:38:03+0000 lvl=info msg="Request Completed" logger=context userId=0 orgId=0 uname= method=POST path=/tags/tagMultiSeries status=404 remote_addr=127.0.0.1 time_ms=9 size=10502 referer=
t=2019-11-05T01:39:02+0000 lvl=info msg="Request Completed" logger=context userId=0 orgId=0 uname= method=POST path=/tags/tagMultiSeries status=404 remote_addr=127.0.0.1 time_ms=12 size=10502 referer=
t=2019-11-05T01:40:03+0000 lvl=info msg="Request Completed" logger=context userId=0 orgId=0 uname= method=POST path=/tags/tagMultiSeries status=404 remote_addr=127.0.0.1 time_ms=12 size=10502 referer=
t=2019-11-05T01:41:02+0000 lvl=info msg="Request Completed" logger=context userId=0 orgId=0 uname= method=POST path=/tags/tagMultiSeries status=404 remote_addr=127.0.0.1 time_ms=10 size=10502 referer=
t=2019-11-05T01:42:03+0000 lvl=info msg="Request Completed" logger=context userId=0 orgId=0 uname= method=POST path=/tags/tagMultiSeries status=404 remote_addr=127.0.0.1 time_ms=10 size=10502 referer=
t=2019-11-05T01:43:02+0000 lvl=info msg="Request Completed" logger=context userId=0 orgId=0 uname= method=POST path=/tags/tagMultiSeries status=404 remote_addr=127.0.0.1 time_ms=9 size=10502 referer=
t=2019-11-05T01:44:02+0000 lvl=info msg="Request Completed" logger=context userId=0 orgId=0 uname= method=POST path=/tags/tagMultiSeries status=404 remote_addr=127.0.0.1 time_ms=9 size=10502 referer=
t=2019-11-05T01:45:02+0000 lvl=info msg="Request Completed" logger=context userId=0 orgId=0 uname= method=POST path=/tags/tagMultiSeries status=404 remote_addr=127.0.0.1 time_ms=8 size=10502 referer=
t=2019-11-05T01:46:02+0000 lvl=info msg="Request Completed" logger=context userId=0 orgId=0 uname= method=POST path=/tags/tagMultiSeries status=404 remote_addr=127.0.0.1 time_ms=10 size=10502 referer=
t=2019-11-05T01:47:02+0000 lvl=info msg="Request Completed" logger=context userId=0 orgId=0 uname= method=POST path=/tags/tagMultiSeries status=404 remote_addr=127.0.0.1 time_ms=10 size=10502 referer=
t=2019-11-05T01:48:02+0000 lvl=info msg="Request Completed" logger=context userId=0 orgId=0 uname= method=POST path=/tags/tagMultiSeries status=404 remote_addr=127.0.0.1 time_ms=10 size=10502 referer=
t=2019-11-05T01:49:02+0000 lvl=info msg="Request Completed" logger=context userId=0 orgId=0 uname= method=POST path=/tags/tagMultiSeries status=404 remote_addr=127.0.0.1 time_ms=10 size=10502 referer=
t=2019-11-05T01:50:02+0000 lvl=info msg="Request Completed" logger=context userId=0 orgId=0 uname= method=POST path=/tags/tagMultiSeries status=404 remote_addr=127.0.0.1 time_ms=9 size=10502 referer=
t=2019-11-05T01:50:52+0000 lvl=info msg="Request Completed" logger=context userId=0 orgId=0 uname= method=POST path=/tags/tagMultiSeries status=404 remote_addr=127.0.0.1 time_ms=8 size=10502 referer=
t=2019-11-05T01:51:52+0000 lvl=info msg="Request Completed" logger=context userId=0 orgId=0 uname= method=POST path=/tags/tagMultiSeries status=404 remote_addr=127.0.0.1 time_ms=8 size=10502 referer=
t=2019-11-05T01:52:52+0000 lvl=info msg="Request Completed" logger=context userId=0 orgId=0 uname= method=POST path=/tags/tagMultiSeries status=404 remote_addr=127.0.0.1 time_ms=9 size=10502 referer=
t=2019-11-05T01:53:53+0000 lvl=info msg="Request Completed" logger=context userId=0 orgId=0 uname= method=POST path=/tags/tagMultiSeries status=404 remote_addr=127.0.0.1 time_ms=9 size=10502 referer=
t=2019-11-05T01:54:52+0000 lvl=info msg="Request Completed" logger=context userId=0 orgId=0 uname= method=POST path=/tags/tagMultiSeries status=404 remote_addr=127.0.0.1 time_ms=10 size=10502 referer=
t=2019-11-05T01:55:52+0000 lvl=info msg="Request Completed" logger=context userId=0 orgId=0 uname= method=POST path=/tags/tagMultiSeries status=404 remote_addr=127.0.0.1 time_ms=9 size=10502 referer=
t=2019-11-05T01:56:42+0000 lvl=info msg="Request Completed" logger=context userId=0 orgId=0 uname= method=POST path=/tags/tagMultiSeries status=404 remote_addr=127.0.0.1 time_ms=13 size=10502 referer=
t=2019-11-05T01:57:42+0000 lvl=info msg="Request Completed" logger=context userId=0 orgId=0 uname= method=POST path=/tags/tagMultiSeries status=404 remote_addr=127.0.0.1 time_ms=9 size=10502 referer=
t=2019-11-05T01:58:42+0000 lvl=info msg="Request Completed" logger=context userId=0 orgId=0 uname= method=POST path=/tags/tagMultiSeries status=404 remote_addr=127.0.0.1 time_ms=8 size=10502 referer=
t=2019-11-05T01:59:42+0000 lvl=info msg="Request Completed" logger=context userId=0 orgId=0 uname= method=POST path=/tags/tagMultiSeries status=404 remote_addr=127.0.0.1 time_ms=10 size=10502 referer=
t=2019-11-05T02:00:42+0000 lvl=info msg="Request Completed" logger=context userId=0 orgId=0 uname= method=POST path=/tags/tagMultiSeries status=404 remote_addr=127.0.0.1 time_ms=11 size=10502 referer=
t=2019-11-05T02:01:33+0000 lvl=info msg="Request Completed" logger=context userId=0 orgId=0 uname= method=POST path=/tags/tagMultiSeries status=404 remote_addr=127.0.0.1 time_ms=10 size=10502 referer=
t=2019-11-05T02:02:32+0000 lvl=info msg="Request Completed" logger=context userId=0 orgId=0 uname= method=POST path=/tags/tagMultiSeries status=404 remote_addr=127.0.0.1 time_ms=12 size=10502 referer=
t=2019-11-05T02:03:22+0000 lvl=info msg="Request Completed" logger=context userId=0 orgId=0 uname= method=POST path=/tags/tagMultiSeries status=404 remote_addr=127.0.0.1 time_ms=11 size=10502 referer=
